Using pre-set license
Built from 'trunk' branch; Version is '2023.1.0a25 (eac607654885) revision 15386119'; Using compiler version '192829333'; Build Type 'Release'
OS: 'Windows 11  (10.0.22631) 64bit Core' Language: 'en' Physical Memory: 7985 MB
BatchMode: 1, IsHumanControllingUs: 0, StartBugReporterOnCrash: 0, Is64bit: 1, IsPro: 1

COMMAND LINE ARGUMENTS:
C:\Program Files\Unity\Hub\Editor\2023.1.0a25\Editor\Unity.exe
-adb2
-batchMode
-noUpm
-name
AssetImportWorker1
-projectPath
C:/Users/Raphael Tuksa/OneDrive/TUM/Games/Platformer
-logFile
Logs/AssetImportWorker1.log
-srvPort
51826
Successfully changed project path to: C:/Users/Raphael Tuksa/OneDrive/TUM/Games/Platformer
C:/Users/Raphael Tuksa/OneDrive/TUM/Games/Platformer
[UnityMemory] Configuration Parameters - Can be set up in boot.config
    "memorysetup-bucket-allocator-granularity=16"
    "memorysetup-bucket-allocator-bucket-count=8"
    "memorysetup-bucket-allocator-block-size=33554432"
    "memorysetup-bucket-allocator-block-count=8"
    "memorysetup-main-allocator-block-size=16777216"
    "memorysetup-thread-allocator-block-size=16777216"
    "memorysetup-gfx-main-allocator-block-size=16777216"
    "memorysetup-gfx-thread-allocator-block-size=16777216"
    "memorysetup-cache-allocator-block-size=4194304"
    "memorysetup-typetree-allocator-block-size=2097152"
    "memorysetup-profiler-bucket-allocator-granularity=16"
    "memorysetup-profiler-bucket-allocator-bucket-count=8"
    "memorysetup-profiler-bucket-allocator-block-size=33554432"
    "memorysetup-profiler-bucket-allocator-block-count=8"
    "memorysetup-profiler-allocator-block-size=16777216"
    "memorysetup-profiler-editor-allocator-block-size=1048576"
    "memorysetup-temp-allocator-size-main=16777216"
    "memorysetup-job-temp-allocator-block-size=2097152"
    "memorysetup-job-temp-allocator-block-size-background=1048576"
    "memorysetup-job-temp-allocator-reduction-small-platforms=262144"
    "memorysetup-temp-allocator-size-background-worker=32768"
    "memorysetup-temp-allocator-size-job-worker=262144"
    "memorysetup-temp-allocator-size-preload-manager=33554432"
    "memorysetup-temp-allocator-size-nav-mesh-worker=65536"
    "memorysetup-temp-allocator-size-audio-worker=65536"
    "memorysetup-temp-allocator-size-cloud-worker=32768"
    "memorysetup-temp-allocator-size-gi-baking-worker=262144"
    "memorysetup-temp-allocator-size-gfx=262144"
Player connection [12312] Host "[IP] 192.168.15.123 [Port] 0 [Flags] 2 [Guid] 3116024203 [EditorId] 3116024203 [Version] 1048832 [Id] WindowsEditor(7,DESKTOP-2KIND8H) [Debug] 1 [PackageName] WindowsEditor [ProjectName] Editor" joined multi-casting on [225.0.0.222:54997]...

Player connection [12312] Host "[IP] 192.168.15.123 [Port] 0 [Flags] 2 [Guid] 3116024203 [EditorId] 3116024203 [Version] 1048832 [Id] WindowsEditor(7,DESKTOP-2KIND8H) [Debug] 1 [PackageName] WindowsEditor [ProjectName] Editor" joined alternative multi-casting on [225.0.0.222:34997]...

Library Redirect Path: Library/Refreshing native plugins compatible for Editor in 7.99 ms, found 2 plugins.
Preloading 0 native plugins for Editor in 0.00 ms.
Initialize engine version: 2023.1.0a25 (eac607654885)
[Subsystems] Discovering subsystems at path C:/Program Files/Unity/Hub/Editor/2023.1.0a25/Editor/Data/Resources/UnitySubsystems
[Subsystems] Discovering subsystems at path C:/Users/Raphael Tuksa/OneDrive/TUM/Games/Platformer/Assets
GfxDevice: creating device client; threaded=0; jobified=0
Direct3D:
    Version:  Direct3D 11.0 [level 11.1]
    Renderer: NVIDIA GeForce GTX 1650 Ti (ID=0x1f95)
    Vendor:   NVIDIA
    VRAM:     3949 MB
    Driver:   31.0.15.2849
Initialize mono
Mono path[0] = 'C:/Program Files/Unity/Hub/Editor/2023.1.0a25/Editor/Data/Managed'
Mono path[1] = 'C:/Program Files/Unity/Hub/Editor/2023.1.0a25/Editor/Data/MonoBleedingEdge/lib/mono/unityjit-win32'
Mono config path = 'C:/Program Files/Unity/Hub/Editor/2023.1.0a25/Editor/Data/MonoBleedingEdge/etc'
Using monoOptions --debugger-agent=transport=dt_socket,embedding=1,server=y,suspend=n,address=127.0.0.1:56664
Begin MonoManager ReloadAssembly
C:\build\output\Unity-Technologies\mono\mono\metadata\icall.c:1842:
C:\build\output\Unity-Technologies\mono\mono\metadata\icall.c:1842:
C:\build\output\Unity-Technologies\mono\mono\metadata\icall.c:1842:
C:\build\output\Unity-Technologies\mono\mono\metadata\icall.c:1842:
C:\build\output\Unity-Technologies\mono\mono\metadata\icall.c:1842:
C:\build\output\Unity-Technologies\mono\mono\metadata\icall.c:1842:
C:\build\output\Unity-Technologies\mono\mono\metadata\icall.c:1842:
C:\build\output\Unity-Technologies\mono\mono\metadata\icall.c:1842:
C:\build\output\Unity-Technologies\mono\mono\metadata\icall.c:1842:
C:\build\output\Unity-Technologies\mono\mono\metadata\icall.c:1842:
Registering precompiled unity dll's ...
Register platform support module: C:/Program Files/Unity/Hub/Editor/2023.1.0a25/Editor/Data/PlaybackEngines/WindowsStandaloneSupport/UnityEditor.WindowsStandalone.Extensions.dll
Registered in 0.005425 seconds.
- Loaded All Assemblies, in  0.608 seconds
Native extension for WindowsStandalone target not found
Mono: successfully reloaded assembly
C:\build\output\Unity-Technologies\mono\mono\metadata\icall.c:1842:
C:\build\output\Unity-Technologies\mono\mono\metadata\icall.c:1842:
- Finished resetting the current domain, in  0.548 seconds
Domain Reload Profiling: 1153ms
	BeginReloadAssembly (166ms)
		ExecutionOrderSort (0ms)
		DisableScriptedObjects (0ms)
		BackupInstance (0ms)
		ReleaseScriptingObjects (0ms)
		CreateAndSetChildDomain (1ms)
	RebuildCommonClasses (56ms)
	RebuildNativeTypeToScriptingClass (14ms)
	initialDomainReloadingComplete (113ms)
	LoadAllAssembliesAndSetupDomain (256ms)
		LoadAssemblies (160ms)
		RebuildTransferFunctionScriptingTraits (0ms)
		AnalyzeDomain (249ms)
			TypeCache.Refresh (247ms)
				TypeCache.ScanAssembly (227ms)
			ScanForSourceGeneratedMonoScriptInfo (1ms)
			ResolveRequiredComponents (1ms)
	FinalizeReload (549ms)
		ReleaseScriptCaches (0ms)
		RebuildScriptCaches (0ms)
		SetupLoadedEditorAssemblies (460ms)
			LogAssemblyErrors (0ms)
			InitializePlatformSupportModulesInManaged (14ms)
			SetLoadedEditorAssemblies (13ms)
			BeforeProcessingInitializeOnLoad (11ms)
			ProcessInitializeOnLoadAttributes (336ms)
			ProcessInitializeOnLoadMethodAttributes (86ms)
			AfterProcessingInitializeOnLoad (0ms)
			EditorAssembliesLoaded (0ms)
		ExecutionOrderSort2 (0ms)
		AwakeInstancesAfterBackupRestoration (0ms)
========================================================================
Worker process is ready to serve import requests
Import Worker Mode flag is 0x00
Begin MonoManager ReloadAssembly
C:\build\output\Unity-Technologies\mono\mono\metadata\icall.c:1842:
C:\build\output\Unity-Technologies\mono\mono\metadata\icall.c:1842:
C:\build\output\Unity-Technologies\mono\mono\metadata\icall.c:1842:
C:\build\output\Unity-Technologies\mono\mono\metadata\icall.c:1842:
C:\build\output\Unity-Technologies\mono\mono\metadata\icall.c:1842:
C:\build\output\Unity-Technologies\mono\mono\metadata\icall.c:1842:
C:\build\output\Unity-Technologies\mono\mono\metadata\icall.c:1842:
C:\build\output\Unity-Technologies\mono\mono\metadata\icall.c:1842:
C:\build\output\Unity-Technologies\mono\mono\metadata\icall.c:1842:
C:\build\output\Unity-Technologies\mono\mono\metadata\icall.c:1842:
C:\build\output\Unity-Technologies\mono\mono\metadata\icall.c:1842:
C:\build\output\Unity-Technologies\mono\mono\metadata\icall.c:1842:
- Loaded All Assemblies, in  3.448 seconds
Refreshing native plugins compatible for Editor in 5.27 ms, found 2 plugins.
Native extension for WindowsStandalone target not found
Mono: successfully reloaded assembly
- Finished resetting the current domain, in  1.234 seconds
Domain Reload Profiling: 4677ms
	BeginReloadAssembly (1001ms)
		ExecutionOrderSort (0ms)
		DisableScriptedObjects (10ms)
		BackupInstance (0ms)
		ReleaseScriptingObjects (0ms)
		CreateAndSetChildDomain (85ms)
	RebuildCommonClasses (98ms)
	RebuildNativeTypeToScriptingClass (25ms)
	initialDomainReloadingComplete (163ms)
	LoadAllAssembliesAndSetupDomain (2155ms)
		LoadAssemblies (1098ms)
		RebuildTransferFunctionScriptingTraits (0ms)
		AnalyzeDomain (1322ms)
			TypeCache.Refresh (677ms)
				TypeCache.ScanAssembly (636ms)
			ScanForSourceGeneratedMonoScriptInfo (637ms)
			ResolveRequiredComponents (8ms)
	FinalizeReload (1235ms)
		ReleaseScriptCaches (0ms)
		RebuildScriptCaches (0ms)
		SetupLoadedEditorAssemblies (860ms)
			LogAssemblyErrors (0ms)
			InitializePlatformSupportModulesInManaged (11ms)
			SetLoadedEditorAssemblies (6ms)
			BeforeProcessingInitializeOnLoad (124ms)
			ProcessInitializeOnLoadAttributes (672ms)
			ProcessInitializeOnLoadMethodAttributes (42ms)
			AfterProcessingInitializeOnLoad (6ms)
			EditorAssembliesLoaded (0ms)
		ExecutionOrderSort2 (0ms)
		AwakeInstancesAfterBackupRestoration (15ms)
Launched and connected shader compiler UnityShaderCompiler.exe after 0.03 seconds
Refreshing native plugins compatible for Editor in 18.21 ms, found 2 plugins.
Preloading 0 native plugins for Editor in 0.00 ms.
Unloading 1890 Unused Serialized files (Serialized files now loaded: 0)
Unloading 32 unused Assets / (1.0 MB). Loaded Objects now: 2487.
Memory consumption went from 234.2 MB to 233.2 MB.
Total: 24.137700 ms (FindLiveObjects: 0.336200 ms CreateObjectMapping: 0.554800 ms MarkObjects: 22.701300 ms  DeleteObjects: 0.543200 ms)

AssetImportParameters requested are different than current active one (requested -> active):
  custom:container-demuxer-ogg: 62fdf1f143b41e24485cea50d1cbac27 -> 
  custom:framework-win-MediaFoundation: 216162199b28c13a410421893ffa2e32 -> 
  custom:video-decoder-webm-vp8: 9c59270c3fd7afecdb556c50c9e8de78 -> 
  custom:audio-encoder-webm-vorbis: bf7c407c2cedff20999df2af8eb42d56 -> 
  custom:video-decoder-ogg-theora: a1e56fd34408186e4bbccfd4996cb3dc -> 
  custom:container-muxer-webm: aa71ff27fc2769a1b78a27578f13a17b -> 
  custom:AudioImporter_EditorPlatform: d09bf68614088b80899f8185d706f6e7 -> 
  custom:audio-decoder-ogg-vorbis: bf7c407c2cedff20999df2af8eb42d56 -> 
  custom:video-codec-MediaFoundation-h265: 746d11721c4dcdbdad8f713fa42b33f4 -> 
  custom:container-demuxer-webm: 4f35f7cbe854078d1ac9338744f61a02 -> 
  custom:video-encoder-webm-vp8: eb34c28f22e8b96e1ab97ce403110664 -> 
========================================================================
Received Import Request.
  Time since last request: 950081.266729 seconds.
  path: Assets/Prefabs/World/Cube.prefab
  artifactKey: Guid(bd2024a59a3d83142906fa880688361c) Importer(2089858483,0ecaa5967403d082aa24f35e1b516d23)
Start importing Assets/Prefabs/World/Cube.prefab using Guid(bd2024a59a3d83142906fa880688361c) Importer(2089858483,0ecaa5967403d082aa24f35e1b516d23) Generated GUIDs only implemented for interfaces!
 -> (artifact id: 'fa709e03235b0b69730b32ff496e76ad') in 0.242216 seconds 
Number of updated asset objects reloaded before import = 0
Number of asset objects unloaded after import = 7
========================================================================
Received Import Request.
  Time since last request: 0.000326 seconds.
  path: Assets/Scripts/RotatingPlatform.cs
  artifactKey: Guid(68096e48c4a78ba4da171edc8d0cceaf) Importer(2089858483,0ecaa5967403d082aa24f35e1b516d23)
Start importing Assets/Scripts/RotatingPlatform.cs using Guid(68096e48c4a78ba4da171edc8d0cceaf) Importer(2089858483,0ecaa5967403d082aa24f35e1b516d23) Generated GUIDs only implemented for interfaces!
 -> (artifact id: '35fa2b02308599cad5bb56f5dde317bc') in 0.021156 seconds 
Number of updated asset objects reloaded before import = 0
Number of asset objects unloaded after import = 1
========================================================================
Received Import Request.
  Time since last request: 0.000086 seconds.
  path: Assets/Scenes/Level1/NavMesh.asset
  artifactKey: Guid(19078fb16afd6654682075498c01849f) Importer(2089858483,0ecaa5967403d082aa24f35e1b516d23)
Start importing Assets/Scenes/Level1/NavMesh.asset using Guid(19078fb16afd6654682075498c01849f) Importer(2089858483,0ecaa5967403d082aa24f35e1b516d23) Generated GUIDs only implemented for interfaces!
 -> (artifact id: '37502cfb2e5dc9d3b732476f2b159fa4') in 0.027879 seconds 
Number of updated asset objects reloaded before import = 0
Number of asset objects unloaded after import = 1
========================================================================
Received Import Request.
  Time since last request: 0.000027 seconds.
  path: Assets/SkySerie Freebie/ExampleScenes/UnEarthlyRedSettings.lighting
  artifactKey: Guid(4e0f568ca26e90e42815ea418506802b) Importer(2089858483,0ecaa5967403d082aa24f35e1b516d23)
Start importing Assets/SkySerie Freebie/ExampleScenes/UnEarthlyRedSettings.lighting using Guid(4e0f568ca26e90e42815ea418506802b) Importer(2089858483,0ecaa5967403d082aa24f35e1b516d23) Generated GUIDs only implemented for interfaces!
 -> (artifact id: 'e37637958963cde4c2bbd8288082a1f6') in 0.059701 seconds 
Number of updated asset objects reloaded before import = 0
Number of asset objects unloaded after import = 1
========================================================================
Received Import Request.
  Time since last request: 0.000313 seconds.
  path: Assets/SkySerie Freebie/ExampleScenes/CosmicCoolCloud.unity
  artifactKey: Guid(919d3dbc008ab724da78b594b20b503d) Importer(2089858483,0ecaa5967403d082aa24f35e1b516d23)
Start importing Assets/SkySerie Freebie/ExampleScenes/CosmicCoolCloud.unity using Guid(919d3dbc008ab724da78b594b20b503d) Importer(2089858483,0ecaa5967403d082aa24f35e1b516d23) Generated GUIDs only implemented for interfaces!
 -> (artifact id: '8b071eccca8aaf5fa98c7b3d0b34fe15') in 0.030424 seconds 
Number of updated asset objects reloaded before import = 0
Number of asset objects unloaded after import = 1
========================================================================
Received Import Request.
  Time since last request: 0.000063 seconds.
  path: Assets/SkySerie Freebie/Cloudymorning.mat
  artifactKey: Guid(d9dca9ae1786c394f9e79c637aa9a7bf) Importer(2089858483,0ecaa5967403d082aa24f35e1b516d23)
Start importing Assets/SkySerie Freebie/Cloudymorning.mat using Guid(d9dca9ae1786c394f9e79c637aa9a7bf) Importer(2089858483,0ecaa5967403d082aa24f35e1b516d23) Generated GUIDs only implemented for interfaces!
 -> (artifact id: '463a0f54c08109802759084bddbd4290') in 0.551793 seconds 
Number of updated asset objects reloaded before import = 0
Number of asset objects unloaded after import = 2
========================================================================
Received Import Request.
  Time since last request: 0.000036 seconds.
  path: Assets/SkySerie Freebie/FreebieHdri/CasualDay4K.hdr
  artifactKey: Guid(1153dc89e66880c4eb7adc16ba588855) Importer(2089858483,0ecaa5967403d082aa24f35e1b516d23)
Start importing Assets/SkySerie Freebie/FreebieHdri/CasualDay4K.hdr using Guid(1153dc89e66880c4eb7adc16ba588855) Importer(2089858483,0ecaa5967403d082aa24f35e1b516d23) Generated GUIDs only implemented for interfaces!
 -> (artifact id: 'f81d2b2b4435588bb98159c4539f736f') in 0.397587 seconds 
Number of updated asset objects reloaded before import = 0
Number of asset objects unloaded after import = 1
========================================================================
Received Import Request.
  Time since last request: 0.000204 seconds.
  path: Assets/Scripts/Enemy.cs
  artifactKey: Guid(8899d57a8ca4cf346af8dccd801a46d8) Importer(2089858483,0ecaa5967403d082aa24f35e1b516d23)
Start importing Assets/Scripts/Enemy.cs using Guid(8899d57a8ca4cf346af8dccd801a46d8) Importer(2089858483,0ecaa5967403d082aa24f35e1b516d23) Generated GUIDs only implemented for interfaces!
 -> (artifact id: '2ce46304ffab3987fae74bf821e60df6') in 0.038330 seconds 
Number of updated asset objects reloaded before import = 0
Number of asset objects unloaded after import = 1
========================================================================
Received Import Request.
  Time since last request: 0.000170 seconds.
  path: Assets/SkySerie Freebie/ExampleScenes/CasualDay.unity
  artifactKey: Guid(745822b12dae28c44b79ddd800e253e4) Importer(2089858483,0ecaa5967403d082aa24f35e1b516d23)
Start importing Assets/SkySerie Freebie/ExampleScenes/CasualDay.unity using Guid(745822b12dae28c44b79ddd800e253e4) Importer(2089858483,0ecaa5967403d082aa24f35e1b516d23) Generated GUIDs only implemented for interfaces!
 -> (artifact id: '3b1b37f19617f25ff317a4d2de786e26') in 0.062792 seconds 
Number of updated asset objects reloaded before import = 0
Number of asset objects unloaded after import = 1
========================================================================
Received Import Request.
  Time since last request: 0.000378 seconds.
  path: Assets/SkySerie Freebie/ExampleScenes/DayInTheCloudsSettings.lighting
  artifactKey: Guid(091064dc74872934e8816b3f76483128) Importer(2089858483,0ecaa5967403d082aa24f35e1b516d23)
Start importing Assets/SkySerie Freebie/ExampleScenes/DayInTheCloudsSettings.lighting using Guid(091064dc74872934e8816b3f76483128) Importer(2089858483,0ecaa5967403d082aa24f35e1b516d23) Generated GUIDs only implemented for interfaces!
 -> (artifact id: 'ea589df248264a9adac554ecdc703b60') in 0.170120 seconds 
Number of updated asset objects reloaded before import = 0
Number of asset objects unloaded after import = 1
========================================================================
Received Import Request.
  Time since last request: 0.000969 seconds.
  path: Assets/SkySerie Freebie/FreebieHdri/FluffballDayBack.hdr
  artifactKey: Guid(50762494be58d144d98d179cd6ba1470) Importer(2089858483,0ecaa5967403d082aa24f35e1b516d23)
Start importing Assets/SkySerie Freebie/FreebieHdri/FluffballDayBack.hdr using Guid(50762494be58d144d98d179cd6ba1470) Importer(2089858483,0ecaa5967403d082aa24f35e1b516d23) Generated GUIDs only implemented for interfaces!
 -> (artifact id: '6b5bf698d79e38b17033bcba5180d01e') in 0.541261 seconds 
Number of updated asset objects reloaded before import = 0
Number of asset objects unloaded after import = 1
========================================================================
Received Import Request.
  Time since last request: 0.000233 seconds.
  path: Assets/SkySerie Freebie/FreebieHdri/FluffballDayRight.hdr
  artifactKey: Guid(669daa4bd63e4204dacb9aa01a164a7f) Importer(2089858483,0ecaa5967403d082aa24f35e1b516d23)
Start importing Assets/SkySerie Freebie/FreebieHdri/FluffballDayRight.hdr using Guid(669daa4bd63e4204dacb9aa01a164a7f) Importer(2089858483,0ecaa5967403d082aa24f35e1b516d23) Generated GUIDs only implemented for interfaces!
 -> (artifact id: '4d1f72b565c8fbbd71d1c608a8e39701') in 0.210858 seconds 
Number of updated asset objects reloaded before import = 0
Number of asset objects unloaded after import = 1
========================================================================
Received Import Request.
  Time since last request: 0.000054 seconds.
  path: Assets/SkySerie Freebie/Hdri setup.txt
  artifactKey: Guid(add36ebe5ee5af347a876cdf41d00709) Importer(2089858483,0ecaa5967403d082aa24f35e1b516d23)
Start importing Assets/SkySerie Freebie/Hdri setup.txt using Guid(add36ebe5ee5af347a876cdf41d00709) Importer(2089858483,0ecaa5967403d082aa24f35e1b516d23) Generated GUIDs only implemented for interfaces!
 -> (artifact id: 'da1efa823ad0d0cf3d8bd9e2c9508227') in 0.050782 seconds 
Number of updated asset objects reloaded before import = 0
Number of asset objects unloaded after import = 1
========================================================================
Received Import Request.
  Time since last request: 0.000083 seconds.
  path: Assets/SkySerie Freebie/ExampleScenes/HighFantasySettings.lighting
  artifactKey: Guid(fd4af9b0beca7af4a8994bdfbefcadd2) Importer(2089858483,0ecaa5967403d082aa24f35e1b516d23)
Start importing Assets/SkySerie Freebie/ExampleScenes/HighFantasySettings.lighting using Guid(fd4af9b0beca7af4a8994bdfbefcadd2) Importer(2089858483,0ecaa5967403d082aa24f35e1b516d23) Generated GUIDs only implemented for interfaces!
 -> (artifact id: '8c60bc42bf09da0893b009eea3bf9167') in 0.070314 seconds 
Number of updated asset objects reloaded before import = 0
Number of asset objects unloaded after import = 1
========================================================================
Received Import Request.
  Time since last request: 0.000022 seconds.
  path: Assets/SkySerie Freebie/FreebieHdri/MegaSunTop.hdr
  artifactKey: Guid(47d70ba0d1c1c3e4ab451b6bc37b0ebe) Importer(2089858483,0ecaa5967403d082aa24f35e1b516d23)
Start importing Assets/SkySerie Freebie/FreebieHdri/MegaSunTop.hdr using Guid(47d70ba0d1c1c3e4ab451b6bc37b0ebe) Importer(2089858483,0ecaa5967403d082aa24f35e1b516d23) Generated GUIDs only implemented for interfaces!
 -> (artifact id: 'f032b81f69604264e21358d2adc785a9') in 0.109179 seconds 
Number of updated asset objects reloaded before import = 0
Number of asset objects unloaded after import = 1
========================================================================
Received Import Request.
  Time since last request: 0.000034 seconds.
  path: Assets/SkySerie Freebie/FreebieHdri/PlanetaryEarth4k.hdr
  artifactKey: Guid(3675d0c3c874f6b479bab57eb7e68c90) Importer(2089858483,0ecaa5967403d082aa24f35e1b516d23)
Start importing Assets/SkySerie Freebie/FreebieHdri/PlanetaryEarth4k.hdr using Guid(3675d0c3c874f6b479bab57eb7e68c90) Importer(2089858483,0ecaa5967403d082aa24f35e1b516d23) Generated GUIDs only implemented for interfaces!
 -> (artifact id: '5a15921968af7bff13880a97ee6a0649') in 0.242893 seconds 
Number of updated asset objects reloaded before import = 0
Number of asset objects unloaded after import = 1
========================================================================
Received Import Request.
  Time since last request: 0.000036 seconds.
  path: Assets/SkySerie Freebie/FluffballDay.mat
  artifactKey: Guid(20d4f77b9022eab48b4d94599ed4bf82) Importer(2089858483,0ecaa5967403d082aa24f35e1b516d23)
Start importing Assets/SkySerie Freebie/FluffballDay.mat using Guid(20d4f77b9022eab48b4d94599ed4bf82) Importer(2089858483,0ecaa5967403d082aa24f35e1b516d23) Generated GUIDs only implemented for interfaces!
 -> (artifact id: '9dfe91bc84088498c0b256b22ebccc6b') in 0.242076 seconds 
Number of updated asset objects reloaded before import = 0
Number of asset objects unloaded after import = 2
========================================================================
Received Import Request.
  Time since last request: 0.000030 seconds.
  path: Assets/SkySerie Freebie/FreebieHdri/MegaSunBottom.hdr
  artifactKey: Guid(3de85f3af41435a4c8f9d237bc1f19ec) Importer(2089858483,0ecaa5967403d082aa24f35e1b516d23)
Start importing Assets/SkySerie Freebie/FreebieHdri/MegaSunBottom.hdr using Guid(3de85f3af41435a4c8f9d237bc1f19ec) Importer(2089858483,0ecaa5967403d082aa24f35e1b516d23) Generated GUIDs only implemented for interfaces!
 -> (artifact id: 'e3387c735d7b1bc7f72152068547f6c1') in 0.095637 seconds 
Number of updated asset objects reloaded before import = 0
Number of asset objects unloaded after import = 1
========================================================================
Received Import Request.
  Time since last request: 0.000055 seconds.
  path: Assets/SkySerie Freebie/AmbienceExposure.mat
  artifactKey: Guid(72deae4d18418f94688abef8e8483df0) Importer(2089858483,0ecaa5967403d082aa24f35e1b516d23)
Start importing Assets/SkySerie Freebie/AmbienceExposure.mat using Guid(72deae4d18418f94688abef8e8483df0) Importer(2089858483,0ecaa5967403d082aa24f35e1b516d23) Generated GUIDs only implemented for interfaces!
 -> (artifact id: 'd594e048c212a6e2f19ad224e020ad07') in 0.222891 seconds 
Number of updated asset objects reloaded before import = 0
Number of asset objects unloaded after import = 2
========================================================================
Received Import Request.
  Time since last request: 0.000032 seconds.
  path: Assets/SkySerie Freebie/ExampleScenes/SceneObjects/Full.mat
  artifactKey: Guid(1b27a20a436b4c64b882a6f739bf91de) Importer(2089858483,0ecaa5967403d082aa24f35e1b516d23)
Start importing Assets/SkySerie Freebie/ExampleScenes/SceneObjects/Full.mat using Guid(1b27a20a436b4c64b882a6f739bf91de) Importer(2089858483,0ecaa5967403d082aa24f35e1b516d23) Generated GUIDs only implemented for interfaces!
 -> (artifact id: '3d5540f42ff6da673846e685c8f67e3a') in 0.111095 seconds 
Number of updated asset objects reloaded before import = 0
Number of asset objects unloaded after import = 1
========================================================================
Received Import Request.
  Time since last request: 0.000041 seconds.
  path: Assets/SkySerie Freebie/CosmicCoolCloud.mat
  artifactKey: Guid(f531e09e2ad2fb440b4eed7605863143) Importer(2089858483,0ecaa5967403d082aa24f35e1b516d23)
Start importing Assets/SkySerie Freebie/CosmicCoolCloud.mat using Guid(f531e09e2ad2fb440b4eed7605863143) Importer(2089858483,0ecaa5967403d082aa24f35e1b516d23) Generated GUIDs only implemented for interfaces!
 -> (artifact id: 'aa16101c9b2690fb912b933f627d447a') in 0.590514 seconds 
Number of updated asset objects reloaded before import = 0
Number of asset objects unloaded after import = 7
========================================================================
Received Import Request.
  Time since last request: 0.000017 seconds.
  path: Assets/_owerUps/PowerUps Vol 1 Free/PowerUps Vol 1 Free/Materials/Bomb Red.mat
  artifactKey: Guid(d9713c9dc90b17d469c192baeb0d3197) Importer(2089858483,0ecaa5967403d082aa24f35e1b516d23)
Start importing Assets/_owerUps/PowerUps Vol 1 Free/PowerUps Vol 1 Free/Materials/Bomb Red.mat using Guid(d9713c9dc90b17d469c192baeb0d3197) Importer(2089858483,0ecaa5967403d082aa24f35e1b516d23) Generated GUIDs only implemented for interfaces!
 -> (artifact id: '1b16311991c6aa621dcb2f59bca09056') in 0.143322 seconds 
Number of updated asset objects reloaded before import = 0
Number of asset objects unloaded after import = 1
========================================================================
Received Import Request.
  Time since last request: 0.000200 seconds.
  path: Assets/SkySerie Freebie/FreebieHdri/Materials/CosmicCoolCloudBack.mat
  artifactKey: Guid(d877855876229b74ebdc8e837918ee13) Importer(2089858483,0ecaa5967403d082aa24f35e1b516d23)
Start importing Assets/SkySerie Freebie/FreebieHdri/Materials/CosmicCoolCloudBack.mat using Guid(d877855876229b74ebdc8e837918ee13) Importer(2089858483,0ecaa5967403d082aa24f35e1b516d23) Generated GUIDs only implemented for interfaces!
 -> (artifact id: '5fc365eea3d5b72c9a5edacad937a2c0') in 0.145569 seconds 
Number of updated asset objects reloaded before import = 0
Number of asset objects unloaded after import = 2
========================================================================
Received Import Request.
  Time since last request: 0.000015 seconds.
  path: Assets/SkySerie Freebie/ExampleScenes/PlanetaryFreebieSettings.lighting
  artifactKey: Guid(13dc145914dd69d45935893b040eb62d) Importer(2089858483,0ecaa5967403d082aa24f35e1b516d23)
Start importing Assets/SkySerie Freebie/ExampleScenes/PlanetaryFreebieSettings.lighting using Guid(13dc145914dd69d45935893b040eb62d) Importer(2089858483,0ecaa5967403d082aa24f35e1b516d23) Generated GUIDs only implemented for interfaces!
 -> (artifact id: '0524b094ff727c79db5ca5332d42677a') in 0.061696 seconds 
Number of updated asset objects reloaded before import = 0
Number of asset objects unloaded after import = 1
========================================================================
Received Import Request.
  Time since last request: 0.000040 seconds.
  path: Assets/Gizmos/spawnpoint.tif
  artifactKey: Guid(20ed6d5b5a664d4498bca5b79beb1e5a) Importer(2089858483,0ecaa5967403d082aa24f35e1b516d23)
Start importing Assets/Gizmos/spawnpoint.tif using Guid(20ed6d5b5a664d4498bca5b79beb1e5a) Importer(2089858483,0ecaa5967403d082aa24f35e1b516d23) Generated GUIDs only implemented for interfaces!
 -> (artifact id: '1dc3b650edff72b80c7d1513ad525f7a') in 0.104853 seconds 
Number of updated asset objects reloaded before import = 0
Number of asset objects unloaded after import = 1
========================================================================
Received Import Request.
  Time since last request: 0.000127 seconds.
  path: Assets/SkySerie Freebie/FreebieHdri/UnderTheSea4k.hdr
  artifactKey: Guid(26cddb2a3a1bc804d8e9ca09b109793a) Importer(2089858483,0ecaa5967403d082aa24f35e1b516d23)
Start importing Assets/SkySerie Freebie/FreebieHdri/UnderTheSea4k.hdr using Guid(26cddb2a3a1bc804d8e9ca09b109793a) Importer(2089858483,0ecaa5967403d082aa24f35e1b516d23) Generated GUIDs only implemented for interfaces!
 -> (artifact id: 'e219a08fabdf40a22c4cd0e45e9ed822') in 0.130307 seconds 
Number of updated asset objects reloaded before import = 0
Number of asset objects unloaded after import = 1
========================================================================
Received Import Request.
  Time since last request: 0.000077 seconds.
  path: Assets/Prefabs/Player/Dash.prefab
  artifactKey: Guid(ad2de555f5bce20448947bfa49fec8e1) Importer(2089858483,0ecaa5967403d082aa24f35e1b516d23)
Start importing Assets/Prefabs/Player/Dash.prefab using Guid(ad2de555f5bce20448947bfa49fec8e1) Importer(2089858483,0ecaa5967403d082aa24f35e1b516d23) Generated GUIDs only implemented for interfaces!
 -> (artifact id: 'cd407b60aa2ba10d8b46da89726ec6cb') in 0.167883 seconds 
Number of updated asset objects reloaded before import = 0
Number of asset objects unloaded after import = 7
========================================================================
Received Import Request.
  Time since last request: 0.000023 seconds.
  path: Assets/_owerUps/PowerUps Vol 1 Free/PowerUps Vol 1 Free/Meshes/Arrows.FBX
  artifactKey: Guid(8c031840811950b48b5fe308408cbcd2) Importer(2089858483,0ecaa5967403d082aa24f35e1b516d23)
Start importing Assets/_owerUps/PowerUps Vol 1 Free/PowerUps Vol 1 Free/Meshes/Arrows.FBX using Guid(8c031840811950b48b5fe308408cbcd2) Importer(2089858483,0ecaa5967403d082aa24f35e1b516d23) Generated GUIDs only implemented for interfaces!
 -> (artifact id: '8e234c4b7a29fa36fde3ec307393e17c') in 0.361375 seconds 
Number of updated asset objects reloaded before import = 0
Number of asset objects unloaded after import = 8
========================================================================
Received Import Request.
  Time since last request: 0.000029 seconds.
  path: Assets/Prefabs/World/Wall.prefab
  artifactKey: Guid(fabb44664d00c1446a1c0ec63795d989) Importer(2089858483,0ecaa5967403d082aa24f35e1b516d23)
Start importing Assets/Prefabs/World/Wall.prefab using Guid(fabb44664d00c1446a1c0ec63795d989) Importer(2089858483,0ecaa5967403d082aa24f35e1b516d23) Generated GUIDs only implemented for interfaces!
 -> (artifact id: 'ca5ffb8dee70e49b29490360d1424ec9') in 0.028556 seconds 
Number of updated asset objects reloaded before import = 0
Number of asset objects unloaded after import = 76
========================================================================
Received Import Request.
  Time since last request: 0.000034 seconds.
  path: Assets/SkySerie Freebie/FreebieHdri/Materials/CosmicCoolCloudRight.mat
  artifactKey: Guid(9e49f955b59696e4fbfeba779e814a5b) Importer(2089858483,0ecaa5967403d082aa24f35e1b516d23)
Start importing Assets/SkySerie Freebie/FreebieHdri/Materials/CosmicCoolCloudRight.mat using Guid(9e49f955b59696e4fbfeba779e814a5b) Importer(2089858483,0ecaa5967403d082aa24f35e1b516d23) Generated GUIDs only implemented for interfaces!
 -> (artifact id: '72c379befa09b0dce1e3edda22e25f74') in 0.034325 seconds 
Number of updated asset objects reloaded before import = 0
Number of asset objects unloaded after import = 2
========================================================================
Received Import Request.
  Time since last request: 0.000409 seconds.
  path: Assets/_owerUps/PowerUps Vol 1 Free/PowerUps Vol 1 Free/Meshes/Diamond.FBX
  artifactKey: Guid(94c1a6d8a8d20b548b6960fa81ab9d9c) Importer(2089858483,0ecaa5967403d082aa24f35e1b516d23)
Start importing Assets/_owerUps/PowerUps Vol 1 Free/PowerUps Vol 1 Free/Meshes/Diamond.FBX using Guid(94c1a6d8a8d20b548b6960fa81ab9d9c) Importer(2089858483,0ecaa5967403d082aa24f35e1b516d23) Generated GUIDs only implemented for interfaces!
 -> (artifact id: '088af03f2927a7e1bcb2e0bb7e81d0a8') in 0.062008 seconds 
Number of updated asset objects reloaded before import = 0
Number of asset objects unloaded after import = 9
========================================================================
Received Import Request.
  Time since last request: 0.000021 seconds.
  path: Assets/_owerUps/PowerUps Vol 1 Free/PowerUps Vol 1 Free/Meshes/Flags.FBX
  artifactKey: Guid(9baf1af9d59d50c4c9cafdd48dc09428) Importer(2089858483,0ecaa5967403d082aa24f35e1b516d23)
Start importing Assets/_owerUps/PowerUps Vol 1 Free/PowerUps Vol 1 Free/Meshes/Flags.FBX using Guid(9baf1af9d59d50c4c9cafdd48dc09428) Importer(2089858483,0ecaa5967403d082aa24f35e1b516d23) Generated GUIDs only implemented for interfaces!
 -> (artifact id: '8cb6b8bf246c76e6e7c73c3c3f2f5e84') in 0.063002 seconds 
Number of updated asset objects reloaded before import = 0
Number of asset objects unloaded after import = 9
========================================================================
Received Import Request.
  Time since last request: 0.000155 seconds.
  path: Assets/Scenes/Lose.unity
  artifactKey: Guid(89ef911d31dbf9a41a463d44c4928c8f) Importer(2089858483,0ecaa5967403d082aa24f35e1b516d23)
Start importing Assets/Scenes/Lose.unity using Guid(89ef911d31dbf9a41a463d44c4928c8f) Importer(2089858483,0ecaa5967403d082aa24f35e1b516d23) Generated GUIDs only implemented for interfaces!
 -> (artifact id: 'fabb77f331b69c5199314beb6e918427') in 0.027500 seconds 
Number of updated asset objects reloaded before import = 0
Number of asset objects unloaded after import = 1
========================================================================
Received Import Request.
  Time since last request: 0.000075 seconds.
  path: Assets/SkySerie Freebie/PlanetaryEarth.mat
  artifactKey: Guid(16bc8a9d5451ca44d8f70575adbece3a) Importer(2089858483,0ecaa5967403d082aa24f35e1b516d23)
Start importing Assets/SkySerie Freebie/PlanetaryEarth.mat using Guid(16bc8a9d5451ca44d8f70575adbece3a) Importer(2089858483,0ecaa5967403d082aa24f35e1b516d23) Generated GUIDs only implemented for interfaces!
 -> (artifact id: '062aac1086a7b334505d1b7fc339887d') in 0.067145 seconds 
Number of updated asset objects reloaded before import = 0
Number of asset objects unloaded after import = 2
========================================================================
Received Import Request.
  Time since last request: 0.000034 seconds.
  path: Assets/Gizmos/deathzone.tif
  artifactKey: Guid(7fe0c06e887e5df4a9d69a390bdef3b0) Importer(2089858483,0ecaa5967403d082aa24f35e1b516d23)
Start importing Assets/Gizmos/deathzone.tif using Guid(7fe0c06e887e5df4a9d69a390bdef3b0) Importer(2089858483,0ecaa5967403d082aa24f35e1b516d23) Generated GUIDs only implemented for interfaces!
 -> (artifact id: 'd2eeb1112c006152accba33373c1cb5c') in 0.035622 seconds 
Number of updated asset objects reloaded before import = 0
Number of asset objects unloaded after import = 1
========================================================================
Received Import Request.
  Time since last request: 0.000092 seconds.
  path: Assets/SkySerie Freebie/ExampleScenes/HighFantasy.unity
  artifactKey: Guid(c5c5155be27cc3a4fbea5063433ca717) Importer(2089858483,0ecaa5967403d082aa24f35e1b516d23)
Start importing Assets/SkySerie Freebie/ExampleScenes/HighFantasy.unity using Guid(c5c5155be27cc3a4fbea5063433ca717) Importer(2089858483,0ecaa5967403d082aa24f35e1b516d23) Generated GUIDs only implemented for interfaces!
 -> (artifact id: 'b1af18dc130640d3862c45e7b3f33fc7') in 0.030609 seconds 
Number of updated asset objects reloaded before import = 0
Number of asset objects unloaded after import = 1
========================================================================
Received Import Request.
  Time since last request: 0.000527 seconds.
  path: Assets/SkySerie Freebie/DayInTheClouds.mat
  artifactKey: Guid(3e5399bd195de7649b874f58c1b9f8a3) Importer(2089858483,0ecaa5967403d082aa24f35e1b516d23)
Start importing Assets/SkySerie Freebie/DayInTheClouds.mat using Guid(3e5399bd195de7649b874f58c1b9f8a3) Importer(2089858483,0ecaa5967403d082aa24f35e1b516d23) Generated GUIDs only implemented for interfaces!
 -> (artifact id: '3007be1c93f88ae8d328d0d161ab7acb') in 0.205185 seconds 
Number of updated asset objects reloaded before import = 0
Number of asset objects unloaded after import = 2
========================================================================
Received Import Request.
  Time since last request: 0.000041 seconds.
  path: Assets/_owerUps/PowerUps Vol 1 Free/PowerUps Vol 1 Free/Meshes/Star.FBX
  artifactKey: Guid(84057ddb0be87b143a25542e3ad3f35f) Importer(2089858483,0ecaa5967403d082aa24f35e1b516d23)
Start importing Assets/_owerUps/PowerUps Vol 1 Free/PowerUps Vol 1 Free/Meshes/Star.FBX using Guid(84057ddb0be87b143a25542e3ad3f35f) Importer(2089858483,0ecaa5967403d082aa24f35e1b516d23) Generated GUIDs only implemented for interfaces!
 -> (artifact id: '48a6d42f700b13fe380a19bd4bf45ef8') in 0.075166 seconds 
Number of updated asset objects reloaded before import = 0
Number of asset objects unloaded after import = 9
========================================================================
Received Import Request.
  Time since last request: 0.000132 seconds.
  path: Assets/_owerUps/PowerUps Vol 1 Free/PowerUps Vol 1 Free/Prefabs/Cup Silver.prefab
  artifactKey: Guid(f2853e123f20aba4da4d1eaa2b0b2f77) Importer(2089858483,0ecaa5967403d082aa24f35e1b516d23)
Start importing Assets/_owerUps/PowerUps Vol 1 Free/PowerUps Vol 1 Free/Prefabs/Cup Silver.prefab using Guid(f2853e123f20aba4da4d1eaa2b0b2f77) Importer(2089858483,0ecaa5967403d082aa24f35e1b516d23) Generated GUIDs only implemented for interfaces!
 -> (artifact id: 'cc83047837eaffcb485f0f257e384c44') in 0.054796 seconds 
Number of updated asset objects reloaded before import = 0
Number of asset objects unloaded after import = 7
========================================================================
Received Import Request.
  Time since last request: 0.001450 seconds.
  path: Assets/SkySerie Freebie/FreebieHdri/SkyhighFluffycloudField4k.hdr
  artifactKey: Guid(18a0be10f0f64ac4c9f679d68e2cf857) Importer(2089858483,0ecaa5967403d082aa24f35e1b516d23)
Start importing Assets/SkySerie Freebie/FreebieHdri/SkyhighFluffycloudField4k.hdr using Guid(18a0be10f0f64ac4c9f679d68e2cf857) Importer(2089858483,0ecaa5967403d082aa24f35e1b516d23) Generated GUIDs only implemented for interfaces!
 -> (artifact id: 'a290e172cf3c9c05ff4d0413774914cf') in 0.184931 seconds 
Number of updated asset objects reloaded before import = 0
Number of asset objects unloaded after import = 1
========================================================================
Received Import Request.
  Time since last request: 0.000072 seconds.
  path: Assets/_owerUps/PowerUps Vol 1 Free/PowerUps Vol 1 Free/Materials/Star Red.mat
  artifactKey: Guid(341e36040881ccd4cb41231dbab1d707) Importer(2089858483,0ecaa5967403d082aa24f35e1b516d23)
Start importing Assets/_owerUps/PowerUps Vol 1 Free/PowerUps Vol 1 Free/Materials/Star Red.mat using Guid(341e36040881ccd4cb41231dbab1d707) Importer(2089858483,0ecaa5967403d082aa24f35e1b516d23) Generated GUIDs only implemented for interfaces!
 -> (artifact id: '1ea9f0536aa591d515f262daa33b48a1') in 0.042986 seconds 
Number of updated asset objects reloaded before import = 0
Number of asset objects unloaded after import = 2
========================================================================
Received Import Request.
  Time since last request: 0.000021 seconds.
  path: Assets/SkySerie Freebie/ExampleScenes/AmbienceExposureSettings.lighting
  artifactKey: Guid(1a553de90b79e33498b2ae8529a458ff) Importer(2089858483,0ecaa5967403d082aa24f35e1b516d23)
Start importing Assets/SkySerie Freebie/ExampleScenes/AmbienceExposureSettings.lighting using Guid(1a553de90b79e33498b2ae8529a458ff) Importer(2089858483,0ecaa5967403d082aa24f35e1b516d23) Generated GUIDs only implemented for interfaces!
 -> (artifact id: 'd8316bce0208c6b633c284aa5e05c6f0') in 0.065334 seconds 
Number of updated asset objects reloaded before import = 0
Number of asset objects unloaded after import = 1
========================================================================
Received Import Request.
  Time since last request: 0.001202 seconds.
  path: Assets/Menus Assets/StartScreen Game (3).png
  artifactKey: Guid(fa956761836a4b44f878f4e9e7d89b17) Importer(2089858483,0ecaa5967403d082aa24f35e1b516d23)
Start importing Assets/Menus Assets/StartScreen Game (3).png using Guid(fa956761836a4b44f878f4e9e7d89b17) Importer(2089858483,0ecaa5967403d082aa24f35e1b516d23) Generated GUIDs only implemented for interfaces!
 -> (artifact id: 'f84354fc64eec539f406528c471d7e25') in 0.108601 seconds 
Number of updated asset objects reloaded before import = 0
Number of asset objects unloaded after import = 3
========================================================================
Received Import Request.
  Time since last request: 0.000022 seconds.
  path: Assets/_owerUps/PowerUps Vol 1 Free/PowerUps Vol 1 Free/Prefabs/Medipack Red.prefab
  artifactKey: Guid(b69b182e2808ee94d9e7cd648177cf6c) Importer(2089858483,0ecaa5967403d082aa24f35e1b516d23)
Start importing Assets/_owerUps/PowerUps Vol 1 Free/PowerUps Vol 1 Free/Prefabs/Medipack Red.prefab using Guid(b69b182e2808ee94d9e7cd648177cf6c) Importer(2089858483,0ecaa5967403d082aa24f35e1b516d23) Generated GUIDs only implemented for interfaces!
 -> (artifact id: 'ed8d9b5ee420f5b8b0b5cbf04bb54cba') in 0.046020 seconds 
Number of updated asset objects reloaded before import = 0
Number of asset objects unloaded after import = 7
========================================================================
Received Import Request.
  Time since last request: 0.000340 seconds.
  path: Assets/_owerUps/PowerUps Vol 1 Free/PowerUps Vol 1 Free/Textures/Battery Black.tga
  artifactKey: Guid(3f1566364cad9d84ebd5695c18d3c6d7) Importer(2089858483,0ecaa5967403d082aa24f35e1b516d23)
Start importing Assets/_owerUps/PowerUps Vol 1 Free/PowerUps Vol 1 Free/Textures/Battery Black.tga using Guid(3f1566364cad9d84ebd5695c18d3c6d7) Importer(2089858483,0ecaa5967403d082aa24f35e1b516d23) Generated GUIDs only implemented for interfaces!
 -> (artifact id: '9d54f785a5debefc7c6867cdcec895a6') in 0.050249 seconds 
Number of updated asset objects reloaded before import = 0
Number of asset objects unloaded after import = 1
========================================================================
Received Import Request.
  Time since last request: 0.000020 seconds.
  path: Assets/SkySerie Freebie/ExampleScenes/UnderTheSea.unity
  artifactKey: Guid(36dce1c4ecf83f74392c8361f42e87e7) Importer(2089858483,0ecaa5967403d082aa24f35e1b516d23)
Start importing Assets/SkySerie Freebie/ExampleScenes/UnderTheSea.unity using Guid(36dce1c4ecf83f74392c8361f42e87e7) Importer(2089858483,0ecaa5967403d082aa24f35e1b516d23) Generated GUIDs only implemented for interfaces!
 -> (artifact id: '6b99ac5c7156b52ee144f0f66ec40bdd') in 0.069231 seconds 
Number of updated asset objects reloaded before import = 0
Number of asset objects unloaded after import = 1
========================================================================
Received Import Request.
  Time since last request: 0.000022 seconds.
  path: Assets/Prefabs/Player/Coin.prefab
  artifactKey: Guid(facf0e7f1750bae42830298d326691df) Importer(2089858483,0ecaa5967403d082aa24f35e1b516d23)
Start importing Assets/Prefabs/Player/Coin.prefab using Guid(facf0e7f1750bae42830298d326691df) Importer(2089858483,0ecaa5967403d082aa24f35e1b516d23) Generated GUIDs only implemented for interfaces!
 -> (artifact id: '549bc5e7db4327f9672a53d82ac54f62') in 0.109712 seconds 
Number of updated asset objects reloaded before import = 0
Number of asset objects unloaded after import = 11
========================================================================
Received Import Request.
  Time since last request: 0.000969 seconds.
  path: Assets/SkySerie Freebie/FreebieHdri/DayInTheClouds4k.hdr
  artifactKey: Guid(90196f2c2d8d2f2448717676e1a09894) Importer(2089858483,0ecaa5967403d082aa24f35e1b516d23)
Start importing Assets/SkySerie Freebie/FreebieHdri/DayInTheClouds4k.hdr using Guid(90196f2c2d8d2f2448717676e1a09894) Importer(2089858483,0ecaa5967403d082aa24f35e1b516d23) Generated GUIDs only implemented for interfaces!
 -> (artifact id: '10939a90c25eaab586703c58024fad7e') in 0.156500 seconds 
Number of updated asset objects reloaded before import = 0
Number of asset objects unloaded after import = 1
========================================================================
Received Import Request.
  Time since last request: 0.000211 seconds.
  path: Assets/_owerUps/PowerUps Vol 1 Free/PowerUps Vol 1 Free/Textures/Magnet BlueRed.tga
  artifactKey: Guid(69e11727df7a04f4a917ddc0b1a1329f) Importer(2089858483,0ecaa5967403d082aa24f35e1b516d23)
Start importing Assets/_owerUps/PowerUps Vol 1 Free/PowerUps Vol 1 Free/Textures/Magnet BlueRed.tga using Guid(69e11727df7a04f4a917ddc0b1a1329f) Importer(2089858483,0ecaa5967403d082aa24f35e1b516d23) Generated GUIDs only implemented for interfaces!
 -> (artifact id: '33a20e74c013ac9d64732aace93ece80') in 0.056351 seconds 
Number of updated asset objects reloaded before import = 0
Number of asset objects unloaded after import = 1
========================================================================
Received Import Request.
  Time since last request: 0.000059 seconds.
  path: Assets/_owerUps/PowerUps Vol 1 Free/PowerUps Vol 1 Free/Textures/Medipack Red.tga
  artifactKey: Guid(90fe498ed46c4f24bbd9fac4d4f23352) Importer(2089858483,0ecaa5967403d082aa24f35e1b516d23)
Start importing Assets/_owerUps/PowerUps Vol 1 Free/PowerUps Vol 1 Free/Textures/Medipack Red.tga using Guid(90fe498ed46c4f24bbd9fac4d4f23352) Importer(2089858483,0ecaa5967403d082aa24f35e1b516d23) Generated GUIDs only implemented for interfaces!
 -> (artifact id: '004e8431158173d97003e5bc3294f441') in 0.037633 seconds 
Number of updated asset objects reloaded before import = 0
Number of asset objects unloaded after import = 1
========================================================================
Received Import Request.
  Time since last request: 0.000073 seconds.
  path: Assets/_owerUps/PowerUps Vol 1 Free/PowerUps Vol 1 Free/Materials/Poison Purple.mat
  artifactKey: Guid(fd8efab492295ac4c94d458bde518697) Importer(2089858483,0ecaa5967403d082aa24f35e1b516d23)
Start importing Assets/_owerUps/PowerUps Vol 1 Free/PowerUps Vol 1 Free/Materials/Poison Purple.mat using Guid(fd8efab492295ac4c94d458bde518697) Importer(2089858483,0ecaa5967403d082aa24f35e1b516d23) Generated GUIDs only implemented for interfaces!
 -> (artifact id: 'bcac85be7ebff912cf89c6f56acebd26') in 0.025241 seconds 
Number of updated asset objects reloaded before import = 0
Number of asset objects unloaded after import = 2
========================================================================
Received Import Request.
  Time since last request: 0.000026 seconds.
  path: Assets/_owerUps/PowerUps Vol 1 Free/PowerUps Vol 1 Free/Textures/Cup Silver.tga
  artifactKey: Guid(05914336e2562c74a897937459acaa59) Importer(2089858483,0ecaa5967403d082aa24f35e1b516d23)
Start importing Assets/_owerUps/PowerUps Vol 1 Free/PowerUps Vol 1 Free/Textures/Cup Silver.tga using Guid(05914336e2562c74a897937459acaa59) Importer(2089858483,0ecaa5967403d082aa24f35e1b516d23) Generated GUIDs only implemented for interfaces!
 -> (artifact id: '67b4cc2dc4acbdd18a34bed04387cc04') in 0.043104 seconds 
Number of updated asset objects reloaded before import = 0
Number of asset objects unloaded after import = 1
========================================================================
Received Import Request.
  Time since last request: 0.000258 seconds.
  path: Assets/_owerUps/PowerUps Vol 1 Free/PowerUps Vol 1 Free/Textures/Lightning Blue.tga
  artifactKey: Guid(af48365537e814049a104b16e5185a16) Importer(2089858483,0ecaa5967403d082aa24f35e1b516d23)
Start importing Assets/_owerUps/PowerUps Vol 1 Free/PowerUps Vol 1 Free/Textures/Lightning Blue.tga using Guid(af48365537e814049a104b16e5185a16) Importer(2089858483,0ecaa5967403d082aa24f35e1b516d23) Generated GUIDs only implemented for interfaces!
 -> (artifact id: 'db6758a6a633391d4cb96df8efd9010b') in 0.053736 seconds 
Number of updated asset objects reloaded before import = 0
Number of asset objects unloaded after import = 1
========================================================================
Received Import Request.
  Time since last request: 0.000057 seconds.
  path: Assets/_owerUps/PowerUps Vol 1 Free/PowerUps Vol 1 Free/Prefabs/Hourglass Green.prefab
  artifactKey: Guid(a633cb56034281d4e874e56c353dedf8) Importer(2089858483,0ecaa5967403d082aa24f35e1b516d23)
Start importing Assets/_owerUps/PowerUps Vol 1 Free/PowerUps Vol 1 Free/Prefabs/Hourglass Green.prefab using Guid(a633cb56034281d4e874e56c353dedf8) Importer(2089858483,0ecaa5967403d082aa24f35e1b516d23) Generated GUIDs only implemented for interfaces!
 -> (artifact id: '91751c49dd624fb81e33208de1495a8a') in 0.027079 seconds 
Number of updated asset objects reloaded before import = 0
Number of asset objects unloaded after import = 7
========================================================================
Received Import Request.
  Time since last request: 0.000027 seconds.
  path: Assets/Physics Materials/Friction.physicMaterial
  artifactKey: Guid(0f0b459703bbe114ab64b3a7493fb377) Importer(2089858483,0ecaa5967403d082aa24f35e1b516d23)
Start importing Assets/Physics Materials/Friction.physicMaterial using Guid(0f0b459703bbe114ab64b3a7493fb377) Importer(2089858483,0ecaa5967403d082aa24f35e1b516d23) Generated GUIDs only implemented for interfaces!
 -> (artifact id: 'f05669b8472c4fde20b221ada9a11a39') in 0.023111 seconds 
Number of updated asset objects reloaded before import = 0
Number of asset objects unloaded after import = 1
========================================================================
Received Import Request.
  Time since last request: 0.000211 seconds.
  path: Assets/_owerUps/PowerUps Vol 1 Free/PowerUps Vol 1 Free/Prefabs/Poison Purple.prefab
  artifactKey: Guid(b0fddd132a921e449b42a01f6f4315b3) Importer(2089858483,0ecaa5967403d082aa24f35e1b516d23)
Start importing Assets/_owerUps/PowerUps Vol 1 Free/PowerUps Vol 1 Free/Prefabs/Poison Purple.prefab using Guid(b0fddd132a921e449b42a01f6f4315b3) Importer(2089858483,0ecaa5967403d082aa24f35e1b516d23) Generated GUIDs only implemented for interfaces!
 -> (artifact id: '416be8ec92db993f8448a820c6aed236') in 0.031162 seconds 
Number of updated asset objects reloaded before import = 0
Number of asset objects unloaded after import = 7
========================================================================
Received Import Request.
  Time since last request: 0.000026 seconds.
  path: Assets/_owerUps/PowerUps Vol 1 Free/PowerUps Vol 1 Free/Prefabs/Coin Silver.prefab
  artifactKey: Guid(3ff490ee12a720e4a9d576c1fe667d05) Importer(2089858483,0ecaa5967403d082aa24f35e1b516d23)
Start importing Assets/_owerUps/PowerUps Vol 1 Free/PowerUps Vol 1 Free/Prefabs/Coin Silver.prefab using Guid(3ff490ee12a720e4a9d576c1fe667d05) Importer(2089858483,0ecaa5967403d082aa24f35e1b516d23) Generated GUIDs only implemented for interfaces!
 -> (artifact id: 'cabf215a93ae0b782fc70cb14c4e66b1') in 0.028300 seconds 
Number of updated asset objects reloaded before import = 0
Number of asset objects unloaded after import = 7
========================================================================
Received Import Request.
  Time since last request: 0.000052 seconds.
  path: Assets/SkySerie Freebie/FreebieHdri/FluffballDayFront.hdr
  artifactKey: Guid(4499836ec803a0443834895abc208fba) Importer(2089858483,0ecaa5967403d082aa24f35e1b516d23)
Start importing Assets/SkySerie Freebie/FreebieHdri/FluffballDayFront.hdr using Guid(4499836ec803a0443834895abc208fba) Importer(2089858483,0ecaa5967403d082aa24f35e1b516d23) Generated GUIDs only implemented for interfaces!
 -> (artifact id: 'c5d7ae0657f2a2318094125b3ea629aa') in 0.294311 seconds 
Number of updated asset objects reloaded before import = 0
Number of asset objects unloaded after import = 1
========================================================================
Received Import Request.
  Time since last request: 0.000035 seconds.
  path: Assets/_owerUps/PowerUps Vol 1 Free/PowerUps Vol 1 Free/Textures/Diamond Green.tga
  artifactKey: Guid(abbdedd41582de847898be46a0e464cb) Importer(2089858483,0ecaa5967403d082aa24f35e1b516d23)
Start importing Assets/_owerUps/PowerUps Vol 1 Free/PowerUps Vol 1 Free/Textures/Diamond Green.tga using Guid(abbdedd41582de847898be46a0e464cb) Importer(2089858483,0ecaa5967403d082aa24f35e1b516d23) Generated GUIDs only implemented for interfaces!
 -> (artifact id: 'f610b8570c1059aa94c2e95cba8c2f32') in 0.079649 seconds 
Number of updated asset objects reloaded before import = 0
Number of asset objects unloaded after import = 1
========================================================================
Received Import Request.
  Time since last request: 0.000159 seconds.
  path: Assets/SkySerie Freebie/ExampleScenes/UnEarthlyRed.unity
  artifactKey: Guid(acc44db00cf3703479df04ea90bad261) Importer(2089858483,0ecaa5967403d082aa24f35e1b516d23)
Start importing Assets/SkySerie Freebie/ExampleScenes/UnEarthlyRed.unity using Guid(acc44db00cf3703479df04ea90bad261) Importer(2089858483,0ecaa5967403d082aa24f35e1b516d23) Generated GUIDs only implemented for interfaces!
 -> (artifact id: '83ec53da1b41533046b211bd3647178f') in 0.016165 seconds 
Number of updated asset objects reloaded before import = 0
Number of asset objects unloaded after import = 1
========================================================================
Received Import Request.
  Time since last request: 0.000079 seconds.
  path: Assets/SkySerie Freebie/FreebieHdri/CosmicCoolCloudRight.hdr
  artifactKey: Guid(438e868ac8cccca4e81873838a67c003) Importer(2089858483,0ecaa5967403d082aa24f35e1b516d23)
Start importing Assets/SkySerie Freebie/FreebieHdri/CosmicCoolCloudRight.hdr using Guid(438e868ac8cccca4e81873838a67c003) Importer(2089858483,0ecaa5967403d082aa24f35e1b516d23) Generated GUIDs only implemented for interfaces!
 -> (artifact id: '5c8885024fa6e9ed5e09d8959088cf29') in 0.081038 seconds 
Number of updated asset objects reloaded before import = 0
Number of asset objects unloaded after import = 1
========================================================================
Received Import Request.
  Time since last request: 0.000020 seconds.
  path: Assets/SkySerie Freebie/ExampleScenes/DarkStormSettings.lighting
  artifactKey: Guid(f2cacb32710f8a84492864e794ce426a) Importer(2089858483,0ecaa5967403d082aa24f35e1b516d23)
Start importing Assets/SkySerie Freebie/ExampleScenes/DarkStormSettings.lighting using Guid(f2cacb32710f8a84492864e794ce426a) Importer(2089858483,0ecaa5967403d082aa24f35e1b516d23) Generated GUIDs only implemented for interfaces!
 -> (artifact id: 'ae20c4e9996f595aae1a7427ecdcceda') in 0.125541 seconds 
Number of updated asset objects reloaded before import = 0
Number of asset objects unloaded after import = 1
========================================================================
Received Import Request.
  Time since last request: 0.000183 seconds.
  path: Assets/_owerUps/PowerUps Vol 1 Free/PowerUps Vol 1 Free/Prefabs/Magnet BlueRed.prefab
  artifactKey: Guid(7df90383c9129a940806502fcf9096f1) Importer(2089858483,0ecaa5967403d082aa24f35e1b516d23)
Start importing Assets/_owerUps/PowerUps Vol 1 Free/PowerUps Vol 1 Free/Prefabs/Magnet BlueRed.prefab using Guid(7df90383c9129a940806502fcf9096f1) Importer(2089858483,0ecaa5967403d082aa24f35e1b516d23) Generated GUIDs only implemented for interfaces!
 -> (artifact id: '6f847e2be31d25923ee4b9baee5ee775') in 0.038141 seconds 
Number of updated asset objects reloaded before import = 0
Number of asset objects unloaded after import = 6
========================================================================
Received Import Request.
  Time since last request: 0.000777 seconds.
  path: Assets/SkySerie Freebie/ExampleScenes/CloudyMorning.unity
  artifactKey: Guid(3ed7059aff13dc14fbe949f7f63b522f) Importer(2089858483,0ecaa5967403d082aa24f35e1b516d23)
Start importing Assets/SkySerie Freebie/ExampleScenes/CloudyMorning.unity using Guid(3ed7059aff13dc14fbe949f7f63b522f) Importer(2089858483,0ecaa5967403d082aa24f35e1b516d23) Generated GUIDs only implemented for interfaces!
 -> (artifact id: '7d1ece49ec49dcc8dfc5690c7b1fdaf5') in 0.022344 seconds 
Number of updated asset objects reloaded before import = 0
Number of asset objects unloaded after import = 1
========================================================================
Received Import Request.
  Time since last request: 0.000277 seconds.
  path: Assets/Prefabs/World/Turn.prefab
  artifactKey: Guid(75d8af5618f1e2543852bc7e99e0ed72) Importer(2089858483,0ecaa5967403d082aa24f35e1b516d23)
Start importing Assets/Prefabs/World/Turn.prefab using Guid(75d8af5618f1e2543852bc7e99e0ed72) Importer(2089858483,0ecaa5967403d082aa24f35e1b516d23) Generated GUIDs only implemented for interfaces!
 -> (artifact id: 'f41af4a79de256cba4f1bf9bbe7744f9') in 0.039298 seconds 
Number of updated asset objects reloaded before import = 0
Number of asset objects unloaded after import = 19
========================================================================
Received Import Request.
  Time since last request: 0.000020 seconds.
  path: Assets/SkySerie Freebie/ExampleScenes/AmbienceExposure.unity
  artifactKey: Guid(8d47f25a25106dd4fb4f92261f369863) Importer(2089858483,0ecaa5967403d082aa24f35e1b516d23)
Start importing Assets/SkySerie Freebie/ExampleScenes/AmbienceExposure.unity using Guid(8d47f25a25106dd4fb4f92261f369863) Importer(2089858483,0ecaa5967403d082aa24f35e1b516d23) Generated GUIDs only implemented for interfaces!
 -> (artifact id: '521fd2f824063c76d07332612dcdaa56') in 0.098463 seconds 
Number of updated asset objects reloaded before import = 0
Number of asset objects unloaded after import = 1
========================================================================
Received Import Request.
  Time since last request: 0.000037 seconds.
  path: Assets/Materials/New Material.mat
  artifactKey: Guid(eb002adc545641f4e915dcd4b97330b7) Importer(2089858483,0ecaa5967403d082aa24f35e1b516d23)
Start importing Assets/Materials/New Material.mat using Guid(eb002adc545641f4e915dcd4b97330b7) Importer(2089858483,0ecaa5967403d082aa24f35e1b516d23) Generated GUIDs only implemented for interfaces!
 -> (artifact id: '78b775cee11a16d03e8da1c01fad6022') in 0.124736 seconds 
Number of updated asset objects reloaded before import = 0
Number of asset objects unloaded after import = 1
========================================================================
Received Import Request.
  Time since last request: 0.000256 seconds.
  path: Assets/SkySerie Freebie/UnderTheSea4k.mat
  artifactKey: Guid(119ec07f1c7ed204db46bd8465fd5a50) Importer(2089858483,0ecaa5967403d082aa24f35e1b516d23)
Start importing Assets/SkySerie Freebie/UnderTheSea4k.mat using Guid(119ec07f1c7ed204db46bd8465fd5a50) Importer(2089858483,0ecaa5967403d082aa24f35e1b516d23) Generated GUIDs only implemented for interfaces!
 -> (artifact id: 'd3b7028881905b47c390ac04e9cbf644') in 0.116925 seconds 
Number of updated asset objects reloaded before import = 0
Number of asset objects unloaded after import = 2
========================================================================
Received Import Request.
  Time since last request: 0.000029 seconds.
  path: Assets/_owerUps/PowerUps Vol 1 Free/PowerUps Vol 1 Free/Textures/Coin Silver.tga
  artifactKey: Guid(43c7e0edf5afe81438d23fd7fdd6f6e4) Importer(2089858483,0ecaa5967403d082aa24f35e1b516d23)
Start importing Assets/_owerUps/PowerUps Vol 1 Free/PowerUps Vol 1 Free/Textures/Coin Silver.tga using Guid(43c7e0edf5afe81438d23fd7fdd6f6e4) Importer(2089858483,0ecaa5967403d082aa24f35e1b516d23) Generated GUIDs only implemented for interfaces!
 -> (artifact id: '77c51cbbb37f745e31b6c9cfe168bb50') in 0.077296 seconds 
Number of updated asset objects reloaded before import = 0
Number of asset objects unloaded after import = 1
========================================================================
Received Import Request.
  Time since last request: 0.000136 seconds.
  path: Assets/_owerUps/PowerUps Vol 1 Free/PowerUps Vol 1 Free/Meshes/Lock.FBX
  artifactKey: Guid(60f9f273ba4b0404896db2da8db8c8b4) Importer(2089858483,0ecaa5967403d082aa24f35e1b516d23)
Start importing Assets/_owerUps/PowerUps Vol 1 Free/PowerUps Vol 1 Free/Meshes/Lock.FBX using Guid(60f9f273ba4b0404896db2da8db8c8b4) Importer(2089858483,0ecaa5967403d082aa24f35e1b516d23) Generated GUIDs only implemented for interfaces!
 -> (artifact id: 'af1e18f92ee97e22fd4a33165f626bd6') in 0.145650 seconds 
Number of updated asset objects reloaded before import = 0
Number of asset objects unloaded after import = 8
========================================================================
Received Import Request.
  Time since last request: 0.000355 seconds.
  path: Assets/_owerUps/PowerUps Vol 1 Free/PowerUps Vol 1 Free/Prefabs/Crossed Wrenches Red.prefab
  artifactKey: Guid(bb52734738abf8a4394cc613b43a2bec) Importer(2089858483,0ecaa5967403d082aa24f35e1b516d23)
Start importing Assets/_owerUps/PowerUps Vol 1 Free/PowerUps Vol 1 Free/Prefabs/Crossed Wrenches Red.prefab using Guid(bb52734738abf8a4394cc613b43a2bec) Importer(2089858483,0ecaa5967403d082aa24f35e1b516d23) Generated GUIDs only implemented for interfaces!
 -> (artifact id: '467012ba79b9b870aa21898735e93655') in 0.080666 seconds 
Number of updated asset objects reloaded before import = 0
Number of asset objects unloaded after import = 6
========================================================================
Received Import Request.
  Time since last request: 0.000320 seconds.
  path: Assets/_owerUps/PowerUps Vol 1 Free/PowerUps Vol 1 Free/Textures/Lock Silver.tga
  artifactKey: Guid(fa403a19e4733dd46b6250770d1c6e89) Importer(2089858483,0ecaa5967403d082aa24f35e1b516d23)
Start importing Assets/_owerUps/PowerUps Vol 1 Free/PowerUps Vol 1 Free/Textures/Lock Silver.tga using Guid(fa403a19e4733dd46b6250770d1c6e89) Importer(2089858483,0ecaa5967403d082aa24f35e1b516d23) Generated GUIDs only implemented for interfaces!
 -> (artifact id: '037567d19aa6bb11b48d7488d9d311df') in 0.206627 seconds 
Number of updated asset objects reloaded before import = 0
Number of asset objects unloaded after import = 1
========================================================================
Received Import Request.
  Time since last request: 0.000028 seconds.
  path: Assets/_owerUps/PowerUps Vol 1 Free/PowerUps Vol 1 Free/Textures/Shield Metal.tga
  artifactKey: Guid(e566b7ce0779e714287a90b28fe20443) Importer(2089858483,0ecaa5967403d082aa24f35e1b516d23)
Start importing Assets/_owerUps/PowerUps Vol 1 Free/PowerUps Vol 1 Free/Textures/Shield Metal.tga using Guid(e566b7ce0779e714287a90b28fe20443) Importer(2089858483,0ecaa5967403d082aa24f35e1b516d23) Generated GUIDs only implemented for interfaces!
 -> (artifact id: 'd4669c36104ac4b50d966a40537b8880') in 0.113889 seconds 
Number of updated asset objects reloaded before import = 0
Number of asset objects unloaded after import = 1
========================================================================
Received Import Request.
  Time since last request: 0.000059 seconds.
  path: Assets/SkySerie Freebie/ExampleScenes/SceneObjects/DemoObjects.prefab
  artifactKey: Guid(88c20de6c1dc0f04abeaffaac0a9a6cf) Importer(2089858483,0ecaa5967403d082aa24f35e1b516d23)
Start importing Assets/SkySerie Freebie/ExampleScenes/SceneObjects/DemoObjects.prefab using Guid(88c20de6c1dc0f04abeaffaac0a9a6cf) Importer(2089858483,0ecaa5967403d082aa24f35e1b516d23) Generated GUIDs only implemented for interfaces!
 -> (artifact id: '7f18121a45c9f6c73c0570881dcfd573') in 0.095193 seconds 
Number of updated asset objects reloaded before import = 0
Number of asset objects unloaded after import = 71
========================================================================
Received Import Request.
  Time since last request: 0.000316 seconds.
  path: Assets/SkySerie Freebie/MegaSun.mat
  artifactKey: Guid(cede08c9fc471e64884909cd4bbeaf59) Importer(2089858483,0ecaa5967403d082aa24f35e1b516d23)
Start importing Assets/SkySerie Freebie/MegaSun.mat using Guid(cede08c9fc471e64884909cd4bbeaf59) Importer(2089858483,0ecaa5967403d082aa24f35e1b516d23) Generated GUIDs only implemented for interfaces!
 -> (artifact id: '6da52046b609c71fc16045aa92cf9bdb') in 0.187989 seconds 
Number of updated asset objects reloaded before import = 0
Number of asset objects unloaded after import = 2
========================================================================
Received Import Request.
  Time since last request: 0.000090 seconds.
  path: Assets/SkySerie Freebie/ExampleScenes/UnderTheSeaSettings.lighting
  artifactKey: Guid(e7ee8bc4d40b71444bd16e556b33ab66) Importer(2089858483,0ecaa5967403d082aa24f35e1b516d23)
Start importing Assets/SkySerie Freebie/ExampleScenes/UnderTheSeaSettings.lighting using Guid(e7ee8bc4d40b71444bd16e556b33ab66) Importer(2089858483,0ecaa5967403d082aa24f35e1b516d23) Generated GUIDs only implemented for interfaces!
 -> (artifact id: '2f4956ffcb303c4c29227772f3fa5d1b') in 0.129865 seconds 
Number of updated asset objects reloaded before import = 0
Number of asset objects unloaded after import = 1
========================================================================
Received Import Request.
  Time since last request: 0.002610 seconds.
  path: Assets/_owerUps/PowerUps Vol 1 Free/PowerUps Vol 1 Free/Textures/Hourglass Green.tga
  artifactKey: Guid(df8ffe06ed51e684d82e4a97f3d3b2be) Importer(2089858483,0ecaa5967403d082aa24f35e1b516d23)
Start importing Assets/_owerUps/PowerUps Vol 1 Free/PowerUps Vol 1 Free/Textures/Hourglass Green.tga using Guid(df8ffe06ed51e684d82e4a97f3d3b2be) Importer(2089858483,0ecaa5967403d082aa24f35e1b516d23) Generated GUIDs only implemented for interfaces!
 -> (artifact id: '82a416ec1f149c6507d494c7cd34adde') in 0.066273 seconds 
Number of updated asset objects reloaded before import = 0
Number of asset objects unloaded after import = 1
========================================================================
Received Import Request.
  Time since last request: 0.000241 seconds.
  path: Assets/_owerUps/PowerUps Vol 1 Free/PowerUps Vol 1 Free/Materials/Cup Silver.mat
  artifactKey: Guid(7dfbf9371ceefcc4e97daef2873878ee) Importer(2089858483,0ecaa5967403d082aa24f35e1b516d23)
Start importing Assets/_owerUps/PowerUps Vol 1 Free/PowerUps Vol 1 Free/Materials/Cup Silver.mat using Guid(7dfbf9371ceefcc4e97daef2873878ee) Importer(2089858483,0ecaa5967403d082aa24f35e1b516d23) Generated GUIDs only implemented for interfaces!
 -> (artifact id: '008152e53982de362c9177ca3ec239fa') in 0.077533 seconds 
Number of updated asset objects reloaded before import = 0
Number of asset objects unloaded after import = 2
========================================================================
Received Import Request.
  Time since last request: 0.003093 seconds.
  path: Assets/SkySerie Freebie/FreebieHdri/CosmicCoolCloudLeft.hdr
  artifactKey: Guid(740f96d568f4f3e40b049c40f11603e5) Importer(2089858483,0ecaa5967403d082aa24f35e1b516d23)
Start importing Assets/SkySerie Freebie/FreebieHdri/CosmicCoolCloudLeft.hdr using Guid(740f96d568f4f3e40b049c40f11603e5) Importer(2089858483,0ecaa5967403d082aa24f35e1b516d23) Generated GUIDs only implemented for interfaces!
 -> (artifact id: '0f7da0326c99e26ba6dfd2c2e562f86e') in 0.215326 seconds 
Number of updated asset objects reloaded before import = 0
Number of asset objects unloaded after import = 1
========================================================================
Received Import Request.
  Time since last request: 0.000053 seconds.
  path: Assets/_owerUps/PowerUps Vol 1 Free/PowerUps Vol 1 Free/Meshes/Coin.FBX
  artifactKey: Guid(c91509ba6269cfc41b0a3a8e8a1ca2e6) Importer(2089858483,0ecaa5967403d082aa24f35e1b516d23)
Start importing Assets/_owerUps/PowerUps Vol 1 Free/PowerUps Vol 1 Free/Meshes/Coin.FBX using Guid(c91509ba6269cfc41b0a3a8e8a1ca2e6) Importer(2089858483,0ecaa5967403d082aa24f35e1b516d23) Generated GUIDs only implemented for interfaces!
 -> (artifact id: '8675aff4b859ab120c7bb67cb1784961') in 0.156069 seconds 
Number of updated asset objects reloaded before import = 0
Number of asset objects unloaded after import = 9
========================================================================
Received Import Request.
  Time since last request: 0.000229 seconds.
  path: Assets/_owerUps/PowerUps Vol 1 Free/PowerUps Vol 1 Free/Meshes/Magnet.FBX
  artifactKey: Guid(f273b5fdf1052774f8808fd33de0e8a3) Importer(2089858483,0ecaa5967403d082aa24f35e1b516d23)
Start importing Assets/_owerUps/PowerUps Vol 1 Free/PowerUps Vol 1 Free/Meshes/Magnet.FBX using Guid(f273b5fdf1052774f8808fd33de0e8a3) Importer(2089858483,0ecaa5967403d082aa24f35e1b516d23) Generated GUIDs only implemented for interfaces!
 -> (artifact id: '5796a5ab22e3ed8797b867cfdb97112b') in 0.190916 seconds 
Number of updated asset objects reloaded before import = 0
Number of asset objects unloaded after import = 8
========================================================================
Received Import Request.
  Time since last request: 0.000023 seconds.
  path: Assets/_owerUps/PowerUps Vol 1 Free/PowerUps Vol 1 Free/Meshes/JerryCan.FBX
  artifactKey: Guid(4dcec5be219cc8e4f80c525b62703e3d) Importer(2089858483,0ecaa5967403d082aa24f35e1b516d23)
Start importing Assets/_owerUps/PowerUps Vol 1 Free/PowerUps Vol 1 Free/Meshes/JerryCan.FBX using Guid(4dcec5be219cc8e4f80c525b62703e3d) Importer(2089858483,0ecaa5967403d082aa24f35e1b516d23) Generated GUIDs only implemented for interfaces!
 -> (artifact id: 'adea51377810995a2ee8404f36973b2a') in 0.085920 seconds 
Number of updated asset objects reloaded before import = 0
Number of asset objects unloaded after import = 9
========================================================================
Received Import Request.
  Time since last request: 0.000029 seconds.
  path: Assets/_owerUps/PowerUps Vol 1 Free/PowerUps Vol 1 Free/Meshes/Skull.FBX
  artifactKey: Guid(f4e515fbc4481fc4287948d236caf448) Importer(2089858483,0ecaa5967403d082aa24f35e1b516d23)
Start importing Assets/_owerUps/PowerUps Vol 1 Free/PowerUps Vol 1 Free/Meshes/Skull.FBX using Guid(f4e515fbc4481fc4287948d236caf448) Importer(2089858483,0ecaa5967403d082aa24f35e1b516d23) Generated GUIDs only implemented for interfaces!
 -> (artifact id: 'f9be553e0177c45a3ade38f1b85d53ee') in 0.059529 seconds 
Number of updated asset objects reloaded before import = 0
Number of asset objects unloaded after import = 9
========================================================================
Received Import Request.
  Time since last request: 0.002970 seconds.
  path: Assets/Prefabs/Player/Player.prefab
  artifactKey: Guid(9a4d3012600ba54419afa7c369f78783) Importer(2089858483,0ecaa5967403d082aa24f35e1b516d23)
Start importing Assets/Prefabs/Player/Player.prefab using Guid(9a4d3012600ba54419afa7c369f78783) Importer(2089858483,0ecaa5967403d082aa24f35e1b516d23) Generated GUIDs only implemented for interfaces!
 -> (artifact id: '3fb9fedd1e66aa6f8784786e5240ae08') in 0.064907 seconds 
Number of updated asset objects reloaded before import = 0
Number of asset objects unloaded after import = 10
========================================================================
Received Import Request.
  Time since last request: 0.000167 seconds.
  path: Assets/Scripts/DeathZone.cs
  artifactKey: Guid(139ec3c16e13853429c16c4f9444eee5) Importer(2089858483,0ecaa5967403d082aa24f35e1b516d23)
Start importing Assets/Scripts/DeathZone.cs using Guid(139ec3c16e13853429c16c4f9444eee5) Importer(2089858483,0ecaa5967403d082aa24f35e1b516d23) Generated GUIDs only implemented for interfaces!
 -> (artifact id: 'f0cd1549683c8cb67cabf99724182f45') in 0.042422 seconds 
Number of updated asset objects reloaded before import = 0
Number of asset objects unloaded after import = 1
========================================================================
Received Import Request.
  Time since last request: 0.000092 seconds.
  path: Assets/Materials/Ice.mat
  artifactKey: Guid(98596e2e6e40596489ecfffda9ecd28b) Importer(2089858483,0ecaa5967403d082aa24f35e1b516d23)
Start importing Assets/Materials/Ice.mat using Guid(98596e2e6e40596489ecfffda9ecd28b) Importer(2089858483,0ecaa5967403d082aa24f35e1b516d23) Generated GUIDs only implemented for interfaces!
 -> (artifact id: 'd517363d68c273b30be8410f04ea5070') in 0.027392 seconds 
Number of updated asset objects reloaded before import = 0
Number of asset objects unloaded after import = 1
========================================================================
Received Import Request.
  Time since last request: 0.000364 seconds.
  path: Assets/_owerUps/PowerUps Vol 1 Free/PowerUps Vol 1 Free/Meshes/Lightning.FBX
  artifactKey: Guid(01859a6871245ce4d91e9163d99661ac) Importer(2089858483,0ecaa5967403d082aa24f35e1b516d23)
Start importing Assets/_owerUps/PowerUps Vol 1 Free/PowerUps Vol 1 Free/Meshes/Lightning.FBX using Guid(01859a6871245ce4d91e9163d99661ac) Importer(2089858483,0ecaa5967403d082aa24f35e1b516d23) Generated GUIDs only implemented for interfaces!
 -> (artifact id: 'd354c1d1d6140e771bb4af63ae7a17b1') in 0.050557 seconds 
Number of updated asset objects reloaded before import = 0
Number of asset objects unloaded after import = 9
========================================================================
Received Import Request.
  Time since last request: 0.000029 seconds.
  path: Assets/SkySerie Freebie/ExampleScenes/CasualDaySettings.lighting
  artifactKey: Guid(c267aee4a7829a14b8f4d552a5d07417) Importer(2089858483,0ecaa5967403d082aa24f35e1b516d23)
Start importing Assets/SkySerie Freebie/ExampleScenes/CasualDaySettings.lighting using Guid(c267aee4a7829a14b8f4d552a5d07417) Importer(2089858483,0ecaa5967403d082aa24f35e1b516d23) Generated GUIDs only implemented for interfaces!
 -> (artifact id: '1e05a2bdd4a6fa074ca43015822d2fbc') in 0.039564 seconds 
Number of updated asset objects reloaded before import = 0
Number of asset objects unloaded after import = 1
========================================================================
Received Import Request.
  Time since last request: 0.000024 seconds.
  path: Assets/_omb Asset/BombAsset/Bomb Red.tga
  artifactKey: Guid(69172bf10a70a0a4d934d68a3e75ad98) Importer(2089858483,0ecaa5967403d082aa24f35e1b516d23)
Start importing Assets/_omb Asset/BombAsset/Bomb Red.tga using Guid(69172bf10a70a0a4d934d68a3e75ad98) Importer(2089858483,0ecaa5967403d082aa24f35e1b516d23) Generated GUIDs only implemented for interfaces!
 -> (artifact id: '30c8438162d3938e603a2d8e6c566797') in 0.046717 seconds 
Number of updated asset objects reloaded before import = 0
Number of asset objects unloaded after import = 1
========================================================================
Received Import Request.
  Time since last request: 0.000034 seconds.
  path: Assets/SkySerie Freebie/FreebieHdri/CoriolisNight4k.hdr
  artifactKey: Guid(354036e57ae357148aed267204ce73a7) Importer(2089858483,0ecaa5967403d082aa24f35e1b516d23)
Start importing Assets/SkySerie Freebie/FreebieHdri/CoriolisNight4k.hdr using Guid(354036e57ae357148aed267204ce73a7) Importer(2089858483,0ecaa5967403d082aa24f35e1b516d23) Generated GUIDs only implemented for interfaces!
 -> (artifact id: '757fd5f2cacc46208748bbb63a903024') in 0.081395 seconds 
Number of updated asset objects reloaded before import = 0
Number of asset objects unloaded after import = 1
========================================================================
Received Import Request.
  Time since last request: 0.000975 seconds.
  path: Assets/_owerUps/PowerUps Vol 1 Free/PowerUps Vol 1 Free/Textures/Arrows Green.tga
  artifactKey: Guid(c1cc64e7bc0dc7249a201b71e40972c1) Importer(2089858483,0ecaa5967403d082aa24f35e1b516d23)
Start importing Assets/_owerUps/PowerUps Vol 1 Free/PowerUps Vol 1 Free/Textures/Arrows Green.tga using Guid(c1cc64e7bc0dc7249a201b71e40972c1) Importer(2089858483,0ecaa5967403d082aa24f35e1b516d23) Generated GUIDs only implemented for interfaces!
 -> (artifact id: '202ccc2ef7b539d2227c7c5e6a4e5d68') in 0.084821 seconds 
Number of updated asset objects reloaded before import = 0
Number of asset objects unloaded after import = 1
========================================================================
Received Import Request.
  Time since last request: 0.000023 seconds.
  path: Assets/_owerUps/PowerUps Vol 1 Free/PowerUps Vol 1 Free/Materials/Jerry Can Green.mat
  artifactKey: Guid(bc2cbdf42a39547429380d118fd0c9e3) Importer(2089858483,0ecaa5967403d082aa24f35e1b516d23)
Start importing Assets/_owerUps/PowerUps Vol 1 Free/PowerUps Vol 1 Free/Materials/Jerry Can Green.mat using Guid(bc2cbdf42a39547429380d118fd0c9e3) Importer(2089858483,0ecaa5967403d082aa24f35e1b516d23) Generated GUIDs only implemented for interfaces!
 -> (artifact id: 'e0947507c175704a43d44459f92f0ec9') in 0.025569 seconds 
Number of updated asset objects reloaded before import = 0
Number of asset objects unloaded after import = 2
========================================================================
Received Import Request.
  Time since last request: 0.000035 seconds.
  path: Assets/_owerUps/PowerUps Vol 1 Free/PowerUps Vol 1 Free/Meshes/Heart.FBX
  artifactKey: Guid(e0b92167729d806418c665364104afd9) Importer(2089858483,0ecaa5967403d082aa24f35e1b516d23)
Start importing Assets/_owerUps/PowerUps Vol 1 Free/PowerUps Vol 1 Free/Meshes/Heart.FBX using Guid(e0b92167729d806418c665364104afd9) Importer(2089858483,0ecaa5967403d082aa24f35e1b516d23) Generated GUIDs only implemented for interfaces!
 -> (artifact id: 'db8ee04f926358513c631f5ca4564f42') in 0.039236 seconds 
Number of updated asset objects reloaded before import = 0
Number of asset objects unloaded after import = 9
========================================================================
Received Import Request.
  Time since last request: 0.000035 seconds.
  path: Assets/SkySerie Freebie/FreebieHdri/UnearthlyRed4k.hdr
  artifactKey: Guid(a3de28b69b48944438c87668bd722ae7) Importer(2089858483,0ecaa5967403d082aa24f35e1b516d23)
Start importing Assets/SkySerie Freebie/FreebieHdri/UnearthlyRed4k.hdr using Guid(a3de28b69b48944438c87668bd722ae7) Importer(2089858483,0ecaa5967403d082aa24f35e1b516d23) Generated GUIDs only implemented for interfaces!
 -> (artifact id: 'c5efea745bb8eb031bf2c72ceef2fcfe') in 0.092561 seconds 
Number of updated asset objects reloaded before import = 0
Number of asset objects unloaded after import = 1
========================================================================
Received Import Request.
  Time since last request: 0.000262 seconds.
  path: Assets/Prefabs/UIManager.prefab
  artifactKey: Guid(718dd787d07e4ed42a41ea5f5f5fb895) Importer(2089858483,0ecaa5967403d082aa24f35e1b516d23)
Start importing Assets/Prefabs/UIManager.prefab using Guid(718dd787d07e4ed42a41ea5f5f5fb895) Importer(2089858483,0ecaa5967403d082aa24f35e1b516d23) Generated GUIDs only implemented for interfaces!
 -> (artifact id: '1917e87ea0528a4e503850d09de12b83') in 0.018255 seconds 
Number of updated asset objects reloaded before import = 0
Number of asset objects unloaded after import = 5
========================================================================
Received Import Request.
  Time since last request: 0.000021 seconds.
  path: Assets/SkySerie Freebie/ExampleScenes/DarkStorm.unity
  artifactKey: Guid(952ead6250bb92747a18eeb7e40334cc) Importer(2089858483,0ecaa5967403d082aa24f35e1b516d23)
Start importing Assets/SkySerie Freebie/ExampleScenes/DarkStorm.unity using Guid(952ead6250bb92747a18eeb7e40334cc) Importer(2089858483,0ecaa5967403d082aa24f35e1b516d23) Generated GUIDs only implemented for interfaces!
 -> (artifact id: 'c1989f920775869dff393aa96abc955b') in 0.016879 seconds 
Number of updated asset objects reloaded before import = 0
Number of asset objects unloaded after import = 1
========================================================================
Received Import Request.
  Time since last request: 0.000393 seconds.
  path: Assets/SkySerie Freebie/FreebieHdri/HighFantasy4k.hdr
  artifactKey: Guid(6e998e53d0a82bb45928cd08a0fcfff3) Importer(2089858483,0ecaa5967403d082aa24f35e1b516d23)
Start importing Assets/SkySerie Freebie/FreebieHdri/HighFantasy4k.hdr using Guid(6e998e53d0a82bb45928cd08a0fcfff3) Importer(2089858483,0ecaa5967403d082aa24f35e1b516d23) Generated GUIDs only implemented for interfaces!
 -> (artifact id: '52ef6d8c76ac78548a32e63327adbc71') in 0.099345 seconds 
Number of updated asset objects reloaded before import = 0
Number of asset objects unloaded after import = 1
========================================================================
Received Import Request.
  Time since last request: 0.000038 seconds.
  path: Assets/_owerUps/PowerUps Vol 1 Free/PowerUps Vol 1 Free/Meshes/Cup.FBX
  artifactKey: Guid(3b8170c5271f8ae41aa17b3a90eccd3f) Importer(2089858483,0ecaa5967403d082aa24f35e1b516d23)
Start importing Assets/_owerUps/PowerUps Vol 1 Free/PowerUps Vol 1 Free/Meshes/Cup.FBX using Guid(3b8170c5271f8ae41aa17b3a90eccd3f) Importer(2089858483,0ecaa5967403d082aa24f35e1b516d23) Generated GUIDs only implemented for interfaces!
 -> (artifact id: '3b48c768dddf682bac267329ca19f6ac') in 0.044297 seconds 
Number of updated asset objects reloaded before import = 0
Number of asset objects unloaded after import = 9
========================================================================
Received Import Request.
  Time since last request: 0.000150 seconds.
  path: Assets/SkySerie Freebie/UnearthlyRed.mat
  artifactKey: Guid(5d133deeaa66ed445853e946ff25e073) Importer(2089858483,0ecaa5967403d082aa24f35e1b516d23)
Start importing Assets/SkySerie Freebie/UnearthlyRed.mat using Guid(5d133deeaa66ed445853e946ff25e073) Importer(2089858483,0ecaa5967403d082aa24f35e1b516d23) Generated GUIDs only implemented for interfaces!
 -> (artifact id: 'c97c902f50975dc371f53bed9dd9ea0a') in 0.055538 seconds 
Number of updated asset objects reloaded before import = 0
Number of asset objects unloaded after import = 2
========================================================================
Received Prepare
Refreshing native plugins compatible for Editor in 4.10 ms, found 2 plugins.
Preloading 0 native plugins for Editor in 0.00 ms.
Unloading 12 Unused Serialized files (Serialized files now loaded: 0)
Unloading 14 unused Assets / (1.0 MB). Loaded Objects now: 2491.
Memory consumption went from 199.2 MB to 198.2 MB.
Total: 4.817500 ms (FindLiveObjects: 0.210900 ms CreateObjectMapping: 0.156300 ms MarkObjects: 4.188900 ms  DeleteObjects: 0.260300 ms)

Prepare: number of updated asset objects reloaded= 0
AssetImportParameters requested are different than current active one (requested -> active):
  custom:container-demuxer-ogg: 62fdf1f143b41e24485cea50d1cbac27 -> 
  custom:framework-win-MediaFoundation: 216162199b28c13a410421893ffa2e32 -> 
  custom:video-decoder-webm-vp8: 9c59270c3fd7afecdb556c50c9e8de78 -> 
  custom:SearchIndexIgnoredProperties: e643bd26f0fe6173181afceb89e7c659 -> 
  custom:audio-encoder-webm-vorbis: bf7c407c2cedff20999df2af8eb42d56 -> 
  custom:video-decoder-ogg-theora: a1e56fd34408186e4bbccfd4996cb3dc -> 
  custom:container-muxer-webm: aa71ff27fc2769a1b78a27578f13a17b -> 
  custom:AudioImporter_EditorPlatform: d09bf68614088b80899f8185d706f6e7 -> 
  custom:audio-decoder-ogg-vorbis: bf7c407c2cedff20999df2af8eb42d56 -> 
  custom:video-codec-MediaFoundation-h265: 746d11721c4dcdbdad8f713fa42b33f4 -> 
  custom:container-demuxer-webm: 4f35f7cbe854078d1ac9338744f61a02 -> 
  custom:video-encoder-webm-vp8: eb34c28f22e8b96e1ab97ce403110664 -> 
