Using pre-set license
Built from 'trunk' branch; Version is '2023.1.0a25 (eac607654885) revision 15386119'; Using compiler version '192829333'; Build Type 'Release'
OS: 'Windows 11  (10.0.22631) 64bit Core' Language: 'en' Physical Memory: 7985 MB
BatchMode: 1, IsHumanControllingUs: 0, StartBugReporterOnCrash: 0, Is64bit: 1, IsPro: 1

COMMAND LINE ARGUMENTS:
C:\Program Files\Unity\Hub\Editor\2023.1.0a25\Editor\Unity.exe
-adb2
-batchMode
-noUpm
-name
AssetImportWorker0
-projectPath
C:/Users/Raphael Tuksa/OneDrive/TUM/Games/Platformer
-logFile
Logs/AssetImportWorker0.log
-srvPort
51826
Successfully changed project path to: C:/Users/Raphael Tuksa/OneDrive/TUM/Games/Platformer
C:/Users/Raphael Tuksa/OneDrive/TUM/Games/Platformer
[UnityMemory] Configuration Parameters - Can be set up in boot.config
    "memorysetup-bucket-allocator-granularity=16"
    "memorysetup-bucket-allocator-bucket-count=8"
    "memorysetup-bucket-allocator-block-size=33554432"
    "memorysetup-bucket-allocator-block-count=8"
    "memorysetup-main-allocator-block-size=16777216"
    "memorysetup-thread-allocator-block-size=16777216"
    "memorysetup-gfx-main-allocator-block-size=16777216"
    "memorysetup-gfx-thread-allocator-block-size=16777216"
    "memorysetup-cache-allocator-block-size=4194304"
    "memorysetup-typetree-allocator-block-size=2097152"
    "memorysetup-profiler-bucket-allocator-granularity=16"
    "memorysetup-profiler-bucket-allocator-bucket-count=8"
    "memorysetup-profiler-bucket-allocator-block-size=33554432"
    "memorysetup-profiler-bucket-allocator-block-count=8"
    "memorysetup-profiler-allocator-block-size=16777216"
    "memorysetup-profiler-editor-allocator-block-size=1048576"
    "memorysetup-temp-allocator-size-main=16777216"
    "memorysetup-job-temp-allocator-block-size=2097152"
    "memorysetup-job-temp-allocator-block-size-background=1048576"
    "memorysetup-job-temp-allocator-reduction-small-platforms=262144"
    "memorysetup-temp-allocator-size-background-worker=32768"
    "memorysetup-temp-allocator-size-job-worker=262144"
    "memorysetup-temp-allocator-size-preload-manager=33554432"
    "memorysetup-temp-allocator-size-nav-mesh-worker=65536"
    "memorysetup-temp-allocator-size-audio-worker=65536"
    "memorysetup-temp-allocator-size-cloud-worker=32768"
    "memorysetup-temp-allocator-size-gi-baking-worker=262144"
    "memorysetup-temp-allocator-size-gfx=262144"
Player connection [26248] Host "[IP] 192.168.15.123 [Port] 0 [Flags] 2 [Guid] 3148189627 [EditorId] 3148189627 [Version] 1048832 [Id] WindowsEditor(7,DESKTOP-2KIND8H) [Debug] 1 [PackageName] WindowsEditor [ProjectName] Editor" joined multi-casting on [225.0.0.222:54997]...

Player connection [26248] Host "[IP] 192.168.15.123 [Port] 0 [Flags] 2 [Guid] 3148189627 [EditorId] 3148189627 [Version] 1048832 [Id] WindowsEditor(7,DESKTOP-2KIND8H) [Debug] 1 [PackageName] WindowsEditor [ProjectName] Editor" joined alternative multi-casting on [225.0.0.222:34997]...

Library Redirect Path: Library/Refreshing native plugins compatible for Editor in 21.30 ms, found 2 plugins.
Preloading 0 native plugins for Editor in 0.00 ms.
Initialize engine version: 2023.1.0a25 (eac607654885)
[Subsystems] Discovering subsystems at path C:/Program Files/Unity/Hub/Editor/2023.1.0a25/Editor/Data/Resources/UnitySubsystems
[Subsystems] Discovering subsystems at path C:/Users/Raphael Tuksa/OneDrive/TUM/Games/Platformer/Assets
GfxDevice: creating device client; threaded=0; jobified=0
Direct3D:
    Version:  Direct3D 11.0 [level 11.1]
    Renderer: NVIDIA GeForce GTX 1650 Ti (ID=0x1f95)
    Vendor:   NVIDIA
    VRAM:     3949 MB
    Driver:   31.0.15.2849
Initialize mono
Mono path[0] = 'C:/Program Files/Unity/Hub/Editor/2023.1.0a25/Editor/Data/Managed'
Mono path[1] = 'C:/Program Files/Unity/Hub/Editor/2023.1.0a25/Editor/Data/MonoBleedingEdge/lib/mono/unityjit-win32'
Mono config path = 'C:/Program Files/Unity/Hub/Editor/2023.1.0a25/Editor/Data/MonoBleedingEdge/etc'
Using monoOptions --debugger-agent=transport=dt_socket,embedding=1,server=y,suspend=n,address=127.0.0.1:56860
Begin MonoManager ReloadAssembly
C:\build\output\Unity-Technologies\mono\mono\metadata\icall.c:1842:
C:\build\output\Unity-Technologies\mono\mono\metadata\icall.c:1842:
C:\build\output\Unity-Technologies\mono\mono\metadata\icall.c:1842:
C:\build\output\Unity-Technologies\mono\mono\metadata\icall.c:1842:
C:\build\output\Unity-Technologies\mono\mono\metadata\icall.c:1842:
C:\build\output\Unity-Technologies\mono\mono\metadata\icall.c:1842:
C:\build\output\Unity-Technologies\mono\mono\metadata\icall.c:1842:
C:\build\output\Unity-Technologies\mono\mono\metadata\icall.c:1842:
C:\build\output\Unity-Technologies\mono\mono\metadata\icall.c:1842:
C:\build\output\Unity-Technologies\mono\mono\metadata\icall.c:1842:
Registering precompiled unity dll's ...
Register platform support module: C:/Program Files/Unity/Hub/Editor/2023.1.0a25/Editor/Data/PlaybackEngines/WindowsStandaloneSupport/UnityEditor.WindowsStandalone.Extensions.dll
Registered in 0.004598 seconds.
- Loaded All Assemblies, in  0.592 seconds
Native extension for WindowsStandalone target not found
Mono: successfully reloaded assembly
C:\build\output\Unity-Technologies\mono\mono\metadata\icall.c:1842:
C:\build\output\Unity-Technologies\mono\mono\metadata\icall.c:1842:
- Finished resetting the current domain, in  0.535 seconds
Domain Reload Profiling: 1127ms
	BeginReloadAssembly (164ms)
		ExecutionOrderSort (0ms)
		DisableScriptedObjects (0ms)
		BackupInstance (0ms)
		ReleaseScriptingObjects (0ms)
		CreateAndSetChildDomain (1ms)
	RebuildCommonClasses (60ms)
	RebuildNativeTypeToScriptingClass (14ms)
	initialDomainReloadingComplete (116ms)
	LoadAllAssembliesAndSetupDomain (237ms)
		LoadAssemblies (158ms)
		RebuildTransferFunctionScriptingTraits (0ms)
		AnalyzeDomain (232ms)
			TypeCache.Refresh (231ms)
				TypeCache.ScanAssembly (212ms)
			ScanForSourceGeneratedMonoScriptInfo (1ms)
			ResolveRequiredComponents (1ms)
	FinalizeReload (536ms)
		ReleaseScriptCaches (0ms)
		RebuildScriptCaches (0ms)
		SetupLoadedEditorAssemblies (457ms)
			LogAssemblyErrors (0ms)
			InitializePlatformSupportModulesInManaged (12ms)
			SetLoadedEditorAssemblies (13ms)
			BeforeProcessingInitializeOnLoad (11ms)
			ProcessInitializeOnLoadAttributes (335ms)
			ProcessInitializeOnLoadMethodAttributes (85ms)
			AfterProcessingInitializeOnLoad (0ms)
			EditorAssembliesLoaded (0ms)
		ExecutionOrderSort2 (0ms)
		AwakeInstancesAfterBackupRestoration (0ms)
========================================================================
Worker process is ready to serve import requests
Import Worker Mode flag is 0x00
Begin MonoManager ReloadAssembly
C:\build\output\Unity-Technologies\mono\mono\metadata\icall.c:1842:
C:\build\output\Unity-Technologies\mono\mono\metadata\icall.c:1842:
C:\build\output\Unity-Technologies\mono\mono\metadata\icall.c:1842:
C:\build\output\Unity-Technologies\mono\mono\metadata\icall.c:1842:
C:\build\output\Unity-Technologies\mono\mono\metadata\icall.c:1842:
C:\build\output\Unity-Technologies\mono\mono\metadata\icall.c:1842:
C:\build\output\Unity-Technologies\mono\mono\metadata\icall.c:1842:
C:\build\output\Unity-Technologies\mono\mono\metadata\icall.c:1842:
C:\build\output\Unity-Technologies\mono\mono\metadata\icall.c:1842:
C:\build\output\Unity-Technologies\mono\mono\metadata\icall.c:1842:
C:\build\output\Unity-Technologies\mono\mono\metadata\icall.c:1842:
C:\build\output\Unity-Technologies\mono\mono\metadata\icall.c:1842:
- Loaded All Assemblies, in  3.471 seconds
Refreshing native plugins compatible for Editor in 2.43 ms, found 2 plugins.
Native extension for WindowsStandalone target not found
Mono: successfully reloaded assembly
- Finished resetting the current domain, in  1.240 seconds
Domain Reload Profiling: 4707ms
	BeginReloadAssembly (1013ms)
		ExecutionOrderSort (0ms)
		DisableScriptedObjects (11ms)
		BackupInstance (0ms)
		ReleaseScriptingObjects (0ms)
		CreateAndSetChildDomain (115ms)
	RebuildCommonClasses (100ms)
	RebuildNativeTypeToScriptingClass (28ms)
	initialDomainReloadingComplete (144ms)
	LoadAllAssembliesAndSetupDomain (2181ms)
		LoadAssemblies (1094ms)
		RebuildTransferFunctionScriptingTraits (0ms)
		AnalyzeDomain (1340ms)
			TypeCache.Refresh (718ms)
				TypeCache.ScanAssembly (663ms)
			ScanForSourceGeneratedMonoScriptInfo (616ms)
			ResolveRequiredComponents (6ms)
	FinalizeReload (1241ms)
		ReleaseScriptCaches (0ms)
		RebuildScriptCaches (0ms)
		SetupLoadedEditorAssemblies (839ms)
			LogAssemblyErrors (0ms)
			InitializePlatformSupportModulesInManaged (12ms)
			SetLoadedEditorAssemblies (7ms)
			BeforeProcessingInitializeOnLoad (143ms)
			ProcessInitializeOnLoadAttributes (626ms)
			ProcessInitializeOnLoadMethodAttributes (44ms)
			AfterProcessingInitializeOnLoad (5ms)
			EditorAssembliesLoaded (1ms)
		ExecutionOrderSort2 (0ms)
		AwakeInstancesAfterBackupRestoration (15ms)
Launched and connected shader compiler UnityShaderCompiler.exe after 0.04 seconds
Refreshing native plugins compatible for Editor in 16.91 ms, found 2 plugins.
Preloading 0 native plugins for Editor in 0.00 ms.
Unloading 1890 Unused Serialized files (Serialized files now loaded: 0)
Unloading 32 unused Assets / (1.0 MB). Loaded Objects now: 2487.
Memory consumption went from 234.1 MB to 233.0 MB.
Total: 8.815700 ms (FindLiveObjects: 0.282000 ms CreateObjectMapping: 0.265200 ms MarkObjects: 7.723900 ms  DeleteObjects: 0.542400 ms)

AssetImportParameters requested are different than current active one (requested -> active):
  custom:container-demuxer-ogg: 62fdf1f143b41e24485cea50d1cbac27 -> 
  custom:framework-win-MediaFoundation: 216162199b28c13a410421893ffa2e32 -> 
  custom:video-decoder-webm-vp8: 9c59270c3fd7afecdb556c50c9e8de78 -> 
  custom:audio-encoder-webm-vorbis: bf7c407c2cedff20999df2af8eb42d56 -> 
  custom:video-decoder-ogg-theora: a1e56fd34408186e4bbccfd4996cb3dc -> 
  custom:container-muxer-webm: aa71ff27fc2769a1b78a27578f13a17b -> 
  custom:AudioImporter_EditorPlatform: d09bf68614088b80899f8185d706f6e7 -> 
  custom:audio-decoder-ogg-vorbis: bf7c407c2cedff20999df2af8eb42d56 -> 
  custom:video-codec-MediaFoundation-h265: 746d11721c4dcdbdad8f713fa42b33f4 -> 
  custom:container-demuxer-webm: 4f35f7cbe854078d1ac9338744f61a02 -> 
  custom:video-encoder-webm-vp8: eb34c28f22e8b96e1ab97ce403110664 -> 
========================================================================
Received Import Request.
  Time since last request: 950081.265196 seconds.
  path: Assets/Scripts/PlatformerMover.cs
  artifactKey: Guid(8822e07fdbc4a4c4db58024f3346b61f) Importer(2089858483,0ecaa5967403d082aa24f35e1b516d23)
Start importing Assets/Scripts/PlatformerMover.cs using Guid(8822e07fdbc4a4c4db58024f3346b61f) Importer(2089858483,0ecaa5967403d082aa24f35e1b516d23) Generated GUIDs only implemented for interfaces!
 -> (artifact id: '032c62b0e82cefa077720a0d5dca3852') in 0.210080 seconds 
Number of updated asset objects reloaded before import = 0
Number of asset objects unloaded after import = 1
========================================================================
Received Import Request.
  Time since last request: 0.000046 seconds.
  path: Assets/Scenes/StartScreen.unity
  artifactKey: Guid(6d7965778149b1143b8f92576e70a134) Importer(2089858483,0ecaa5967403d082aa24f35e1b516d23)
Start importing Assets/Scenes/StartScreen.unity using Guid(6d7965778149b1143b8f92576e70a134) Importer(2089858483,0ecaa5967403d082aa24f35e1b516d23) Generated GUIDs only implemented for interfaces!
 -> (artifact id: '50ab990b989af70b6616fec9131f8219') in 0.031225 seconds 
Number of updated asset objects reloaded before import = 0
Number of asset objects unloaded after import = 1
========================================================================
Received Import Request.
  Time since last request: 0.000302 seconds.
  path: Assets/New Post-processing Profile.asset
  artifactKey: Guid(d4eb0b7d9f4b902479267aad14e9aa6d) Importer(2089858483,0ecaa5967403d082aa24f35e1b516d23)
Start importing Assets/New Post-processing Profile.asset using Guid(d4eb0b7d9f4b902479267aad14e9aa6d) Importer(2089858483,0ecaa5967403d082aa24f35e1b516d23) Generated GUIDs only implemented for interfaces!
 -> (artifact id: 'd68f63e7552e635b17fd5a2e36072ec8') in 0.078515 seconds 
Number of updated asset objects reloaded before import = 0
Number of asset objects unloaded after import = 2
========================================================================
Received Import Request.
  Time since last request: 0.000026 seconds.
  path: Assets/SkySerie Freebie/ExampleScenes/SunlessFreebieDemo.unity
  artifactKey: Guid(73547a7486fb43f45b68fed50e680e64) Importer(2089858483,0ecaa5967403d082aa24f35e1b516d23)
Start importing Assets/SkySerie Freebie/ExampleScenes/SunlessFreebieDemo.unity using Guid(73547a7486fb43f45b68fed50e680e64) Importer(2089858483,0ecaa5967403d082aa24f35e1b516d23) Generated GUIDs only implemented for interfaces!
 -> (artifact id: '86fdceae2d3d4a70b51b29a847dc27d5') in 0.034723 seconds 
Number of updated asset objects reloaded before import = 0
Number of asset objects unloaded after import = 1
========================================================================
Received Import Request.
  Time since last request: 0.000080 seconds.
  path: Assets/SkySerie Freebie/SunlessCirruscover.mat
  artifactKey: Guid(4e154bf235e41704bbd6bbc6fd6c63f6) Importer(2089858483,0ecaa5967403d082aa24f35e1b516d23)
Start importing Assets/SkySerie Freebie/SunlessCirruscover.mat using Guid(4e154bf235e41704bbd6bbc6fd6c63f6) Importer(2089858483,0ecaa5967403d082aa24f35e1b516d23) Generated GUIDs only implemented for interfaces!
 -> (artifact id: '036627896992096547c5cb36f2c191af') in 0.577163 seconds 
Number of updated asset objects reloaded before import = 0
Number of asset objects unloaded after import = 2
========================================================================
Received Import Request.
  Time since last request: 0.000035 seconds.
  path: Assets/Prefabs/World/NarrowPath.prefab
  artifactKey: Guid(e0c12e175b0cdfc4ca2d26dea213e09f) Importer(2089858483,0ecaa5967403d082aa24f35e1b516d23)
Start importing Assets/Prefabs/World/NarrowPath.prefab using Guid(e0c12e175b0cdfc4ca2d26dea213e09f) Importer(2089858483,0ecaa5967403d082aa24f35e1b516d23) Generated GUIDs only implemented for interfaces!
 -> (artifact id: 'd5c5eda8884e959ed3e98496bedb868b') in 0.121387 seconds 
Number of updated asset objects reloaded before import = 0
Number of asset objects unloaded after import = 7
========================================================================
Received Import Request.
  Time since last request: 0.000047 seconds.
  path: Assets/Prefabs/Enemys/Bomb Red.prefab
  artifactKey: Guid(328f48e85b7a67f409dd95c30fef5fe3) Importer(2089858483,0ecaa5967403d082aa24f35e1b516d23)
Start importing Assets/Prefabs/Enemys/Bomb Red.prefab using Guid(328f48e85b7a67f409dd95c30fef5fe3) Importer(2089858483,0ecaa5967403d082aa24f35e1b516d23) Generated GUIDs only implemented for interfaces!
 -> (artifact id: 'c284dd86c1615f577fc62cd855d750b7') in 0.129936 seconds 
Number of updated asset objects reloaded before import = 0
Number of asset objects unloaded after import = 10
========================================================================
Received Import Request.
  Time since last request: 0.000032 seconds.
  path: Assets/SkySerie Freebie/ExampleScenes/MidNightFreebieDemo.unity
  artifactKey: Guid(80b2b3058ff1d3944b4d96d6824deb6d) Importer(2089858483,0ecaa5967403d082aa24f35e1b516d23)
Start importing Assets/SkySerie Freebie/ExampleScenes/MidNightFreebieDemo.unity using Guid(80b2b3058ff1d3944b4d96d6824deb6d) Importer(2089858483,0ecaa5967403d082aa24f35e1b516d23) Generated GUIDs only implemented for interfaces!
 -> (artifact id: '60b904b4a921638408d8e4dc09386c30') in 0.201675 seconds 
Number of updated asset objects reloaded before import = 0
Number of asset objects unloaded after import = 1
========================================================================
Received Import Request.
  Time since last request: 0.000041 seconds.
  path: Assets/SkySerie Freebie/ExampleScenes/DayInTheClouds.unity
  artifactKey: Guid(2634e102100bcf64ca81587c175efa45) Importer(2089858483,0ecaa5967403d082aa24f35e1b516d23)
Start importing Assets/SkySerie Freebie/ExampleScenes/DayInTheClouds.unity using Guid(2634e102100bcf64ca81587c175efa45) Importer(2089858483,0ecaa5967403d082aa24f35e1b516d23) Generated GUIDs only implemented for interfaces!
 -> (artifact id: '2b934829a880d431bcc0be6abe23f894') in 0.043919 seconds 
Number of updated asset objects reloaded before import = 0
Number of asset objects unloaded after import = 1
========================================================================
Received Import Request.
  Time since last request: 0.004303 seconds.
  path: Assets/Scripts/GameData.cs
  artifactKey: Guid(dcf55b57099d38d43a03b218a72104b9) Importer(2089858483,0ecaa5967403d082aa24f35e1b516d23)
Start importing Assets/Scripts/GameData.cs using Guid(dcf55b57099d38d43a03b218a72104b9) Importer(2089858483,0ecaa5967403d082aa24f35e1b516d23) Generated GUIDs only implemented for interfaces!
 -> (artifact id: '88bd265965df8407f12d1ad1c9b9c2a6') in 0.090702 seconds 
Number of updated asset objects reloaded before import = 0
Number of asset objects unloaded after import = 1
========================================================================
Received Import Request.
  Time since last request: 0.001345 seconds.
  path: Assets/SkySerie Freebie/SkyhighFluffycloudField.mat
  artifactKey: Guid(f15c336556dd74f40aaca655f7767970) Importer(2089858483,0ecaa5967403d082aa24f35e1b516d23)
Start importing Assets/SkySerie Freebie/SkyhighFluffycloudField.mat using Guid(f15c336556dd74f40aaca655f7767970) Importer(2089858483,0ecaa5967403d082aa24f35e1b516d23) Generated GUIDs only implemented for interfaces!
 -> (artifact id: '23e34cbbdf23b0d4e556c593bf114117') in 0.334039 seconds 
Number of updated asset objects reloaded before import = 0
Number of asset objects unloaded after import = 2
========================================================================
Received Import Request.
  Time since last request: 0.000033 seconds.
  path: Assets/SkySerie Freebie/FreebieHdri/MegaSunFront.hdr
  artifactKey: Guid(b915aaf1fa7dbd54a9e60e42712933a9) Importer(2089858483,0ecaa5967403d082aa24f35e1b516d23)
Start importing Assets/SkySerie Freebie/FreebieHdri/MegaSunFront.hdr using Guid(b915aaf1fa7dbd54a9e60e42712933a9) Importer(2089858483,0ecaa5967403d082aa24f35e1b516d23) Generated GUIDs only implemented for interfaces!
 -> (artifact id: '3cbd8b12307990897ee143ba15e58c81') in 0.165235 seconds 
Number of updated asset objects reloaded before import = 0
Number of asset objects unloaded after import = 1
========================================================================
Received Import Request.
  Time since last request: 0.000262 seconds.
  path: Assets/SkySerie Freebie/HighFantasy.mat
  artifactKey: Guid(e2341a9d03e86ec4290c72b1e22bbc7c) Importer(2089858483,0ecaa5967403d082aa24f35e1b516d23)
Start importing Assets/SkySerie Freebie/HighFantasy.mat using Guid(e2341a9d03e86ec4290c72b1e22bbc7c) Importer(2089858483,0ecaa5967403d082aa24f35e1b516d23) Generated GUIDs only implemented for interfaces!
 -> (artifact id: '3085f2b310d1b9b453051a265168e664') in 0.226199 seconds 
Number of updated asset objects reloaded before import = 0
Number of asset objects unloaded after import = 2
========================================================================
Received Import Request.
  Time since last request: 0.000057 seconds.
  path: Assets/SkySerie Freebie/ExampleScenes/CosmicCoolCloudSettings.lighting
  artifactKey: Guid(3a90c509b9b1ef347b186c338f05919e) Importer(2089858483,0ecaa5967403d082aa24f35e1b516d23)
Start importing Assets/SkySerie Freebie/ExampleScenes/CosmicCoolCloudSettings.lighting using Guid(3a90c509b9b1ef347b186c338f05919e) Importer(2089858483,0ecaa5967403d082aa24f35e1b516d23) Generated GUIDs only implemented for interfaces!
 -> (artifact id: '1a59212f19d8a637c0f4047674b88142') in 0.062421 seconds 
Number of updated asset objects reloaded before import = 0
Number of asset objects unloaded after import = 1
========================================================================
Received Import Request.
  Time since last request: 0.000058 seconds.
  path: Assets/SkySerie Freebie/FreebieHdri/SunlessCirruscover4k.hdr
  artifactKey: Guid(99af420a4ccafa74abdc47436d8b0685) Importer(2089858483,0ecaa5967403d082aa24f35e1b516d23)
Start importing Assets/SkySerie Freebie/FreebieHdri/SunlessCirruscover4k.hdr using Guid(99af420a4ccafa74abdc47436d8b0685) Importer(2089858483,0ecaa5967403d082aa24f35e1b516d23) Generated GUIDs only implemented for interfaces!
 -> (artifact id: '29c64417ef61a82b211d62451b15f75b') in 0.123404 seconds 
Number of updated asset objects reloaded before import = 0
Number of asset objects unloaded after import = 1
========================================================================
Received Import Request.
  Time since last request: 0.000044 seconds.
  path: Assets/Editor/OpenScene.cs
  artifactKey: Guid(290f3d9de259de84086878afa9e965ee) Importer(2089858483,0ecaa5967403d082aa24f35e1b516d23)
Start importing Assets/Editor/OpenScene.cs using Guid(290f3d9de259de84086878afa9e965ee) Importer(2089858483,0ecaa5967403d082aa24f35e1b516d23) Generated GUIDs only implemented for interfaces!
 -> (artifact id: 'e91bc818d6864d55190deb9960b96038') in 0.028973 seconds 
Number of updated asset objects reloaded before import = 0
Number of asset objects unloaded after import = 1
========================================================================
Received Import Request.
  Time since last request: 0.000069 seconds.
  path: Assets/SkySerie Freebie/FreebieHdri/FluffballDayLeft.hdr
  artifactKey: Guid(a78d8299279fda54098aca1c72ecfae1) Importer(2089858483,0ecaa5967403d082aa24f35e1b516d23)
Start importing Assets/SkySerie Freebie/FreebieHdri/FluffballDayLeft.hdr using Guid(a78d8299279fda54098aca1c72ecfae1) Importer(2089858483,0ecaa5967403d082aa24f35e1b516d23) Generated GUIDs only implemented for interfaces!
 -> (artifact id: '0299b71b72658a303021ebf49768f459') in 0.122880 seconds 
Number of updated asset objects reloaded before import = 0
Number of asset objects unloaded after import = 1
========================================================================
Received Import Request.
  Time since last request: 0.000044 seconds.
  path: Assets/Physics Materials/No friction.physicMaterial
  artifactKey: Guid(57a3528da6a44c14baf8365c53ded30f) Importer(2089858483,0ecaa5967403d082aa24f35e1b516d23)
Start importing Assets/Physics Materials/No friction.physicMaterial using Guid(57a3528da6a44c14baf8365c53ded30f) Importer(2089858483,0ecaa5967403d082aa24f35e1b516d23) Generated GUIDs only implemented for interfaces!
 -> (artifact id: 'ceedc92632eb6a71bb13dec32946b926') in 0.027550 seconds 
Number of updated asset objects reloaded before import = 0
Number of asset objects unloaded after import = 1
========================================================================
Received Import Request.
  Time since last request: 0.000019 seconds.
  path: Assets/Physics Materials/MovingPlatform.physicMaterial
  artifactKey: Guid(b07789e92e180714ba44f10f784723ee) Importer(2089858483,0ecaa5967403d082aa24f35e1b516d23)
Start importing Assets/Physics Materials/MovingPlatform.physicMaterial using Guid(b07789e92e180714ba44f10f784723ee) Importer(2089858483,0ecaa5967403d082aa24f35e1b516d23) Generated GUIDs only implemented for interfaces!
 -> (artifact id: '33ada9826d10d1d4513af741696a48c5') in 0.028173 seconds 
Number of updated asset objects reloaded before import = 0
Number of asset objects unloaded after import = 1
========================================================================
Received Import Request.
  Time since last request: 0.000034 seconds.
  path: Assets/SkySerie Freebie/ExampleScenes/SceneObjects/4_10.mat
  artifactKey: Guid(db3bceb128d32144ca6fd4550ac256bc) Importer(2089858483,0ecaa5967403d082aa24f35e1b516d23)
Start importing Assets/SkySerie Freebie/ExampleScenes/SceneObjects/4_10.mat using Guid(db3bceb128d32144ca6fd4550ac256bc) Importer(2089858483,0ecaa5967403d082aa24f35e1b516d23) Generated GUIDs only implemented for interfaces!
 -> (artifact id: '222530d3895b9a6c5b137d1a148d38d3') in 0.134967 seconds 
Number of updated asset objects reloaded before import = 0
Number of asset objects unloaded after import = 1
========================================================================
Received Import Request.
  Time since last request: 0.013798 seconds.
  path: Assets/_omb Asset/BombAsset/Bomb Red.prefab
  artifactKey: Guid(1f8b37450fb3d004e9073960d4c6ff82) Importer(2089858483,0ecaa5967403d082aa24f35e1b516d23)
Start importing Assets/_omb Asset/BombAsset/Bomb Red.prefab using Guid(1f8b37450fb3d004e9073960d4c6ff82) Importer(2089858483,0ecaa5967403d082aa24f35e1b516d23) Generated GUIDs only implemented for interfaces!
 -> (artifact id: '2075468d2782ac5b4c7bc4f6a09a0026') in 0.069244 seconds 
Number of updated asset objects reloaded before import = 0
Number of asset objects unloaded after import = 6
========================================================================
Received Import Request.
  Time since last request: 0.000042 seconds.
  path: Assets/Scripts/AdvancedEnemy.cs
  artifactKey: Guid(35553e992e982a34db218f2b7b75fc3c) Importer(2089858483,0ecaa5967403d082aa24f35e1b516d23)
Start importing Assets/Scripts/AdvancedEnemy.cs using Guid(35553e992e982a34db218f2b7b75fc3c) Importer(2089858483,0ecaa5967403d082aa24f35e1b516d23) Generated GUIDs only implemented for interfaces!
 -> (artifact id: '148b88f13108da29254d39ef2967ec14') in 0.145284 seconds 
Number of updated asset objects reloaded before import = 0
Number of asset objects unloaded after import = 1
========================================================================
Received Import Request.
  Time since last request: 0.000046 seconds.
  path: Assets/Scripts/PlayerMovement.cs
  artifactKey: Guid(6b7163f71fb857143bb3bf75a6b6fd81) Importer(2089858483,0ecaa5967403d082aa24f35e1b516d23)
Start importing Assets/Scripts/PlayerMovement.cs using Guid(6b7163f71fb857143bb3bf75a6b6fd81) Importer(2089858483,0ecaa5967403d082aa24f35e1b516d23) Generated GUIDs only implemented for interfaces!
 -> (artifact id: '863f7af36f193512a9558a8a46f58e2f') in 0.125816 seconds 
Number of updated asset objects reloaded before import = 0
Number of asset objects unloaded after import = 1
========================================================================
Received Import Request.
  Time since last request: 0.000069 seconds.
  path: Assets/SkySerie Freebie/FreebieHdri/Materials/FluffballDayBack.mat
  artifactKey: Guid(2ddcc283c62132543a94ddb703080a36) Importer(2089858483,0ecaa5967403d082aa24f35e1b516d23)
Start importing Assets/SkySerie Freebie/FreebieHdri/Materials/FluffballDayBack.mat using Guid(2ddcc283c62132543a94ddb703080a36) Importer(2089858483,0ecaa5967403d082aa24f35e1b516d23) Generated GUIDs only implemented for interfaces!
 -> (artifact id: '0d422959169c6abf803dd3bd13997dd3') in 0.121668 seconds 
Number of updated asset objects reloaded before import = 0
Number of asset objects unloaded after import = 2
========================================================================
Received Import Request.
  Time since last request: 0.000036 seconds.
  path: Assets/SkySerie Freebie/CasualDay.mat
  artifactKey: Guid(85cf0b004bc4a654b9e501efcce47902) Importer(2089858483,0ecaa5967403d082aa24f35e1b516d23)
Start importing Assets/SkySerie Freebie/CasualDay.mat using Guid(85cf0b004bc4a654b9e501efcce47902) Importer(2089858483,0ecaa5967403d082aa24f35e1b516d23) Generated GUIDs only implemented for interfaces!
 -> (artifact id: '0f56db96f7a3e00a666baefc7c404cd0') in 0.227266 seconds 
Number of updated asset objects reloaded before import = 0
Number of asset objects unloaded after import = 2
========================================================================
Received Import Request.
  Time since last request: 0.000024 seconds.
  path: Assets/Scripts/WayPoint.cs
  artifactKey: Guid(4db75b9918bf9e24c82bd6795439cdb5) Importer(2089858483,0ecaa5967403d082aa24f35e1b516d23)
Start importing Assets/Scripts/WayPoint.cs using Guid(4db75b9918bf9e24c82bd6795439cdb5) Importer(2089858483,0ecaa5967403d082aa24f35e1b516d23) Generated GUIDs only implemented for interfaces!
 -> (artifact id: 'a710af9b141bf10b475999344bf74d75') in 0.039798 seconds 
Number of updated asset objects reloaded before import = 0
Number of asset objects unloaded after import = 1
========================================================================
Received Import Request.
  Time since last request: 0.000050 seconds.
  path: Assets/Materials/Player.mat
  artifactKey: Guid(15713b0841db19a418d538da880e2b01) Importer(2089858483,0ecaa5967403d082aa24f35e1b516d23)
Start importing Assets/Materials/Player.mat using Guid(15713b0841db19a418d538da880e2b01) Importer(2089858483,0ecaa5967403d082aa24f35e1b516d23) Generated GUIDs only implemented for interfaces!
 -> (artifact id: 'e2b9706bbbd7b9617eb7afbe392017fc') in 0.336712 seconds 
Number of updated asset objects reloaded before import = 0
Number of asset objects unloaded after import = 1
========================================================================
Received Import Request.
  Time since last request: 0.000034 seconds.
  path: Assets/SkySerie Freebie/ExampleScenes/SceneObjects/2_10.mat
  artifactKey: Guid(eb10b6f571322b443bec8c532c088270) Importer(2089858483,0ecaa5967403d082aa24f35e1b516d23)
Start importing Assets/SkySerie Freebie/ExampleScenes/SceneObjects/2_10.mat using Guid(eb10b6f571322b443bec8c532c088270) Importer(2089858483,0ecaa5967403d082aa24f35e1b516d23) Generated GUIDs only implemented for interfaces!
 -> (artifact id: '3b6467bedfe943e8d477dfae44f8cde9') in 0.063186 seconds 
Number of updated asset objects reloaded before import = 0
Number of asset objects unloaded after import = 1
========================================================================
Received Import Request.
  Time since last request: 0.000015 seconds.
  path: Assets/Scenes/Level1.unity
  artifactKey: Guid(9fc0d4010bbf28b4594072e72b8655ab) Importer(2089858483,0ecaa5967403d082aa24f35e1b516d23)
Start importing Assets/Scenes/Level1.unity using Guid(9fc0d4010bbf28b4594072e72b8655ab) Importer(2089858483,0ecaa5967403d082aa24f35e1b516d23) Generated GUIDs only implemented for interfaces!
 -> (artifact id: 'cd3934cd6476ede7db488571005344f3') in 0.175027 seconds 
Number of updated asset objects reloaded before import = 0
Number of asset objects unloaded after import = 1
========================================================================
Received Import Request.
  Time since last request: 0.000103 seconds.
  path: Assets/_owerUps/PowerUps Vol 1 Free/PowerUps Vol 1 Free/Materials/Coin Silver.mat
  artifactKey: Guid(b89478197a11a2343a58e593fd5382cb) Importer(2089858483,0ecaa5967403d082aa24f35e1b516d23)
Start importing Assets/_owerUps/PowerUps Vol 1 Free/PowerUps Vol 1 Free/Materials/Coin Silver.mat using Guid(b89478197a11a2343a58e593fd5382cb) Importer(2089858483,0ecaa5967403d082aa24f35e1b516d23) Generated GUIDs only implemented for interfaces!
 -> (artifact id: '43cf524b391b49ba5d6a8a2a497f00c1') in 0.046976 seconds 
Number of updated asset objects reloaded before import = 0
Number of asset objects unloaded after import = 2
========================================================================
Received Import Request.
  Time since last request: 0.000018 seconds.
  path: Assets/Materials/SpawnPoint.mat
  artifactKey: Guid(c0d3bd6a1f009414fbb0517d83dd98fd) Importer(2089858483,0ecaa5967403d082aa24f35e1b516d23)
Start importing Assets/Materials/SpawnPoint.mat using Guid(c0d3bd6a1f009414fbb0517d83dd98fd) Importer(2089858483,0ecaa5967403d082aa24f35e1b516d23) Generated GUIDs only implemented for interfaces!
 -> (artifact id: 'c3f5d28d00636bf20b03296c42da8938') in 0.023996 seconds 
Number of updated asset objects reloaded before import = 0
Number of asset objects unloaded after import = 1
========================================================================
Received Import Request.
  Time since last request: 0.000048 seconds.
  path: Assets/SkySerie Freebie/FreebieHdri/MegaSunRight.hdr
  artifactKey: Guid(f5760fc943c5eb643a2291630888f6a1) Importer(2089858483,0ecaa5967403d082aa24f35e1b516d23)
Start importing Assets/SkySerie Freebie/FreebieHdri/MegaSunRight.hdr using Guid(f5760fc943c5eb643a2291630888f6a1) Importer(2089858483,0ecaa5967403d082aa24f35e1b516d23) Generated GUIDs only implemented for interfaces!
 -> (artifact id: 'ab91f3a0886af2c666054365e8695b51') in 0.122236 seconds 
Number of updated asset objects reloaded before import = 0
Number of asset objects unloaded after import = 1
========================================================================
Received Import Request.
  Time since last request: 0.000044 seconds.
  path: Assets/Scripts/Dash.cs
  artifactKey: Guid(fa77f52792153424ea94725b61918360) Importer(2089858483,0ecaa5967403d082aa24f35e1b516d23)
Start importing Assets/Scripts/Dash.cs using Guid(fa77f52792153424ea94725b61918360) Importer(2089858483,0ecaa5967403d082aa24f35e1b516d23) Generated GUIDs only implemented for interfaces!
 -> (artifact id: 'aad5d3c967c821ef5a3ef7f15430ddd1') in 0.054151 seconds 
Number of updated asset objects reloaded before import = 0
Number of asset objects unloaded after import = 1
========================================================================
Received Import Request.
  Time since last request: 0.000082 seconds.
  path: Assets/Prefabs/Enemys/WayPoint.prefab
  artifactKey: Guid(a354fbb8864325e4489da4b439779e79) Importer(2089858483,0ecaa5967403d082aa24f35e1b516d23)
Start importing Assets/Prefabs/Enemys/WayPoint.prefab using Guid(a354fbb8864325e4489da4b439779e79) Importer(2089858483,0ecaa5967403d082aa24f35e1b516d23) Generated GUIDs only implemented for interfaces!
 -> (artifact id: 'a57bf92764ba5c9b38a377808713f6d3') in 0.029749 seconds 
Number of updated asset objects reloaded before import = 0
Number of asset objects unloaded after import = 5
========================================================================
Received Import Request.
  Time since last request: 0.000416 seconds.
  path: Assets/SkySerie Freebie/DarkStorm.mat
  artifactKey: Guid(2039a0ad0a9d05549928b70362f54902) Importer(2089858483,0ecaa5967403d082aa24f35e1b516d23)
Start importing Assets/SkySerie Freebie/DarkStorm.mat using Guid(2039a0ad0a9d05549928b70362f54902) Importer(2089858483,0ecaa5967403d082aa24f35e1b516d23) Generated GUIDs only implemented for interfaces!
 -> (artifact id: '5a7966cb092d1b2c0862ff8f9b50d08e') in 0.083501 seconds 
Number of updated asset objects reloaded before import = 0
Number of asset objects unloaded after import = 2
========================================================================
Received Import Request.
  Time since last request: 0.000029 seconds.
  path: Assets/SkySerie Freebie/ExampleScenes/PlanetaryFreebie.unity
  artifactKey: Guid(b803de4d65984fd4b83f3b24d963118f) Importer(2089858483,0ecaa5967403d082aa24f35e1b516d23)
Start importing Assets/SkySerie Freebie/ExampleScenes/PlanetaryFreebie.unity using Guid(b803de4d65984fd4b83f3b24d963118f) Importer(2089858483,0ecaa5967403d082aa24f35e1b516d23) Generated GUIDs only implemented for interfaces!
 -> (artifact id: '6eaa0d08a60c5afa5147bcbfb3af9095') in 0.014613 seconds 
Number of updated asset objects reloaded before import = 0
Number of asset objects unloaded after import = 1
========================================================================
Received Import Request.
  Time since last request: 0.000100 seconds.
  path: Assets/_omb Asset/BombAsset/Materials/Bomb Red.mat
  artifactKey: Guid(13b4c50da7310014695875bf30fa7e14) Importer(2089858483,0ecaa5967403d082aa24f35e1b516d23)
Start importing Assets/_omb Asset/BombAsset/Materials/Bomb Red.mat using Guid(13b4c50da7310014695875bf30fa7e14) Importer(2089858483,0ecaa5967403d082aa24f35e1b516d23) Generated GUIDs only implemented for interfaces!
 -> (artifact id: '01a3a13e02f5980fbb4702b79e582de4') in 0.020158 seconds 
Number of updated asset objects reloaded before import = 0
Number of asset objects unloaded after import = 2
========================================================================
Received Import Request.
  Time since last request: 0.000024 seconds.
  path: Assets/_owerUps/PowerUps Vol 1 Free/PowerUps Vol 1 Free/Materials/Lightning Blue.mat
  artifactKey: Guid(a562445fd1ba11c44bc14465f0aa4302) Importer(2089858483,0ecaa5967403d082aa24f35e1b516d23)
Start importing Assets/_owerUps/PowerUps Vol 1 Free/PowerUps Vol 1 Free/Materials/Lightning Blue.mat using Guid(a562445fd1ba11c44bc14465f0aa4302) Importer(2089858483,0ecaa5967403d082aa24f35e1b516d23) Generated GUIDs only implemented for interfaces!
 -> (artifact id: 'e1d9e7fc12bc48fc411c39b5eda814d8') in 0.018621 seconds 
Number of updated asset objects reloaded before import = 0
Number of asset objects unloaded after import = 2
========================================================================
Received Import Request.
  Time since last request: 0.000047 seconds.
  path: Assets/_owerUps/PowerUps Vol 1 Free/PowerUps Vol 1 Free/Materials/Shield Metal.mat
  artifactKey: Guid(22d5517b1f8ee21408ba4bb837b51b7c) Importer(2089858483,0ecaa5967403d082aa24f35e1b516d23)
Start importing Assets/_owerUps/PowerUps Vol 1 Free/PowerUps Vol 1 Free/Materials/Shield Metal.mat using Guid(22d5517b1f8ee21408ba4bb837b51b7c) Importer(2089858483,0ecaa5967403d082aa24f35e1b516d23) Generated GUIDs only implemented for interfaces!
 -> (artifact id: '652e1b10df7638db2acd0ae8cf1f5df4') in 0.023409 seconds 
Number of updated asset objects reloaded before import = 0
Number of asset objects unloaded after import = 2
========================================================================
Received Import Request.
  Time since last request: 0.000050 seconds.
  path: Assets/_owerUps/PowerUps Vol 1 Free/PowerUps Vol 1 Free/Materials/Magnet BlueRed.mat
  artifactKey: Guid(c9d131ec5a5eee4428e73452430508d3) Importer(2089858483,0ecaa5967403d082aa24f35e1b516d23)
Start importing Assets/_owerUps/PowerUps Vol 1 Free/PowerUps Vol 1 Free/Materials/Magnet BlueRed.mat using Guid(c9d131ec5a5eee4428e73452430508d3) Importer(2089858483,0ecaa5967403d082aa24f35e1b516d23) Generated GUIDs only implemented for interfaces!
 -> (artifact id: '8c5402f5403c3beea3c30ddb71b44080') in 0.048324 seconds 
Number of updated asset objects reloaded before import = 0
Number of asset objects unloaded after import = 2
========================================================================
Received Import Request.
  Time since last request: 0.000021 seconds.
  path: Assets/_owerUps/PowerUps Vol 1 Free/PowerUps Vol 1 Free/Materials/Diamond Green.mat
  artifactKey: Guid(72e2c86d3e2d1cc41a05a78e0783c80f) Importer(2089858483,0ecaa5967403d082aa24f35e1b516d23)
Start importing Assets/_owerUps/PowerUps Vol 1 Free/PowerUps Vol 1 Free/Materials/Diamond Green.mat using Guid(72e2c86d3e2d1cc41a05a78e0783c80f) Importer(2089858483,0ecaa5967403d082aa24f35e1b516d23) Generated GUIDs only implemented for interfaces!
 -> (artifact id: '98126ba5d5b34f306744be943f8eb1f1') in 0.089650 seconds 
Number of updated asset objects reloaded before import = 0
Number of asset objects unloaded after import = 2
========================================================================
Received Import Request.
  Time since last request: 0.000022 seconds.
  path: Assets/_owerUps/PowerUps Vol 1 Free/PowerUps Vol 1 Free/Materials/Medipack Red.mat
  artifactKey: Guid(74bc32a9edfb6e746b04fd1ec0459ccf) Importer(2089858483,0ecaa5967403d082aa24f35e1b516d23)
Start importing Assets/_owerUps/PowerUps Vol 1 Free/PowerUps Vol 1 Free/Materials/Medipack Red.mat using Guid(74bc32a9edfb6e746b04fd1ec0459ccf) Importer(2089858483,0ecaa5967403d082aa24f35e1b516d23) Generated GUIDs only implemented for interfaces!
 -> (artifact id: 'e97f581ad63ed93a604af0751be20691') in 0.233604 seconds 
Number of updated asset objects reloaded before import = 0
Number of asset objects unloaded after import = 2
========================================================================
Received Import Request.
  Time since last request: 0.000256 seconds.
  path: Assets/_owerUps/PowerUps Vol 1 Free/PowerUps Vol 1 Free/Materials/Flags Green.mat
  artifactKey: Guid(3c6fc869b3ef7e54a9293983d3e432e3) Importer(2089858483,0ecaa5967403d082aa24f35e1b516d23)
Start importing Assets/_owerUps/PowerUps Vol 1 Free/PowerUps Vol 1 Free/Materials/Flags Green.mat using Guid(3c6fc869b3ef7e54a9293983d3e432e3) Importer(2089858483,0ecaa5967403d082aa24f35e1b516d23) Generated GUIDs only implemented for interfaces!
 -> (artifact id: '6169600df3d79f6366087d982ca58337') in 0.031264 seconds 
Number of updated asset objects reloaded before import = 0
Number of asset objects unloaded after import = 2
========================================================================
Received Import Request.
  Time since last request: 0.000021 seconds.
  path: Assets/Prefabs/Player/SpawnPoint.prefab
  artifactKey: Guid(dabb3440eca45a04b81731c2ae92a84c) Importer(2089858483,0ecaa5967403d082aa24f35e1b516d23)
Start importing Assets/Prefabs/Player/SpawnPoint.prefab using Guid(dabb3440eca45a04b81731c2ae92a84c) Importer(2089858483,0ecaa5967403d082aa24f35e1b516d23) Generated GUIDs only implemented for interfaces!
 -> (artifact id: '23c483ed757d77f5b7236ef5929052f3') in 0.035502 seconds 
Number of updated asset objects reloaded before import = 0
Number of asset objects unloaded after import = 9
========================================================================
Received Import Request.
  Time since last request: 0.000071 seconds.
  path: Assets/Prefabs/World/Ramp.prefab
  artifactKey: Guid(b281ec3f8a123604785c1d2766c92290) Importer(2089858483,0ecaa5967403d082aa24f35e1b516d23)
Start importing Assets/Prefabs/World/Ramp.prefab using Guid(b281ec3f8a123604785c1d2766c92290) Importer(2089858483,0ecaa5967403d082aa24f35e1b516d23) Generated GUIDs only implemented for interfaces!
 -> (artifact id: '1978dff35a413498079b58559d7fa28b') in 0.028644 seconds 
Number of updated asset objects reloaded before import = 0
Number of asset objects unloaded after import = 19
========================================================================
Received Import Request.
  Time since last request: 0.000025 seconds.
  path: Assets/_owerUps/PowerUps Vol 1 Free/PowerUps Vol 1 Free/Meshes/Battery.FBX
  artifactKey: Guid(1ea9147cdaaf441438ced46ffef1bab2) Importer(2089858483,0ecaa5967403d082aa24f35e1b516d23)
Start importing Assets/_owerUps/PowerUps Vol 1 Free/PowerUps Vol 1 Free/Meshes/Battery.FBX using Guid(1ea9147cdaaf441438ced46ffef1bab2) Importer(2089858483,0ecaa5967403d082aa24f35e1b516d23) Generated GUIDs only implemented for interfaces!
 -> (artifact id: '3418df4db60544029f33232c64d05f35') in 0.089019 seconds 
Number of updated asset objects reloaded before import = 0
Number of asset objects unloaded after import = 9
========================================================================
Received Import Request.
  Time since last request: 0.000029 seconds.
  path: Assets/SkySerie Freebie/ExampleScenes/SceneObjects/8_10.mat
  artifactKey: Guid(964f6a34e2240bf45940918b112ce7be) Importer(2089858483,0ecaa5967403d082aa24f35e1b516d23)
Start importing Assets/SkySerie Freebie/ExampleScenes/SceneObjects/8_10.mat using Guid(964f6a34e2240bf45940918b112ce7be) Importer(2089858483,0ecaa5967403d082aa24f35e1b516d23) Generated GUIDs only implemented for interfaces!
 -> (artifact id: 'e538de64ae92cf274d197fc35db9059e') in 0.035342 seconds 
Number of updated asset objects reloaded before import = 0
Number of asset objects unloaded after import = 1
========================================================================
Received Import Request.
  Time since last request: 0.000065 seconds.
  path: Assets/SkySerie Freebie/6SidedMegaSun.mat
  artifactKey: Guid(c52c5d7968fa6c9499b0b5752f899bfb) Importer(2089858483,0ecaa5967403d082aa24f35e1b516d23)
Start importing Assets/SkySerie Freebie/6SidedMegaSun.mat using Guid(c52c5d7968fa6c9499b0b5752f899bfb) Importer(2089858483,0ecaa5967403d082aa24f35e1b516d23) Generated GUIDs only implemented for interfaces!
 -> (artifact id: '11b9245ccc6d9957badff582665f4a33') in 0.054111 seconds 
Number of updated asset objects reloaded before import = 0
Number of asset objects unloaded after import = 7
========================================================================
Received Import Request.
  Time since last request: 0.000020 seconds.
  path: Assets/SkySerie Freebie/FreebieHdri/AmbienceExposure4k.hdr
  artifactKey: Guid(c9bc6cdb7a2e78b4c85ae74715b0a355) Importer(2089858483,0ecaa5967403d082aa24f35e1b516d23)
Start importing Assets/SkySerie Freebie/FreebieHdri/AmbienceExposure4k.hdr using Guid(c9bc6cdb7a2e78b4c85ae74715b0a355) Importer(2089858483,0ecaa5967403d082aa24f35e1b516d23) Generated GUIDs only implemented for interfaces!
 -> (artifact id: '0a93ca48c61cb7f2481a2370af70b591') in 0.085702 seconds 
Number of updated asset objects reloaded before import = 0
Number of asset objects unloaded after import = 1
========================================================================
Received Import Request.
  Time since last request: 0.000062 seconds.
  path: Assets/SkySerie Freebie/FreebieHdri/FluffballDayTop.hdr
  artifactKey: Guid(c769857dc541ab7449d1352d7ff46ce8) Importer(2089858483,0ecaa5967403d082aa24f35e1b516d23)
Start importing Assets/SkySerie Freebie/FreebieHdri/FluffballDayTop.hdr using Guid(c769857dc541ab7449d1352d7ff46ce8) Importer(2089858483,0ecaa5967403d082aa24f35e1b516d23) Generated GUIDs only implemented for interfaces!
 -> (artifact id: '08b77e291071dbf7074be07de9d97e78') in 0.186617 seconds 
Number of updated asset objects reloaded before import = 0
Number of asset objects unloaded after import = 1
========================================================================
Received Import Request.
  Time since last request: 0.001442 seconds.
  path: Assets/SkySerie Freebie/FreebieHdri/Cloudymorning4k.hdr
  artifactKey: Guid(3b5d67736d7b8ad4f8da4d58eaef0b98) Importer(2089858483,0ecaa5967403d082aa24f35e1b516d23)
Start importing Assets/SkySerie Freebie/FreebieHdri/Cloudymorning4k.hdr using Guid(3b5d67736d7b8ad4f8da4d58eaef0b98) Importer(2089858483,0ecaa5967403d082aa24f35e1b516d23) Generated GUIDs only implemented for interfaces!
 -> (artifact id: '7614c358835b657f448eadc3d7498f18') in 0.117907 seconds 
Number of updated asset objects reloaded before import = 0
Number of asset objects unloaded after import = 1
========================================================================
Received Import Request.
  Time since last request: 0.000499 seconds.
  path: Assets/_owerUps/PowerUps Vol 1 Free/PowerUps Vol 1 Free/Prefabs/Crystal Green.prefab
  artifactKey: Guid(7e4df10c9d437ce4eb1d30332d1ebd04) Importer(2089858483,0ecaa5967403d082aa24f35e1b516d23)
Start importing Assets/_owerUps/PowerUps Vol 1 Free/PowerUps Vol 1 Free/Prefabs/Crystal Green.prefab using Guid(7e4df10c9d437ce4eb1d30332d1ebd04) Importer(2089858483,0ecaa5967403d082aa24f35e1b516d23) Generated GUIDs only implemented for interfaces!
 -> (artifact id: '300a7a7a7a1c34787fbbe1179d02110a') in 0.046097 seconds 
Number of updated asset objects reloaded before import = 0
Number of asset objects unloaded after import = 7
========================================================================
Received Import Request.
  Time since last request: 0.000029 seconds.
  path: Assets/SkySerie Freebie/ExampleScenes/DaylightfreebiedemoSettings.lighting
  artifactKey: Guid(61b846633152bd642bfa18de2a3b10e7) Importer(2089858483,0ecaa5967403d082aa24f35e1b516d23)
Start importing Assets/SkySerie Freebie/ExampleScenes/DaylightfreebiedemoSettings.lighting using Guid(61b846633152bd642bfa18de2a3b10e7) Importer(2089858483,0ecaa5967403d082aa24f35e1b516d23) Generated GUIDs only implemented for interfaces!
 -> (artifact id: 'd345b3ca130de6e2d9fc10b5e2ff4b5c') in 0.071009 seconds 
Number of updated asset objects reloaded before import = 0
Number of asset objects unloaded after import = 1
========================================================================
Received Import Request.
  Time since last request: 0.000059 seconds.
  path: Assets/SkySerie Freebie/FreebieHdri/MegaSun4k.hdr
  artifactKey: Guid(8967f190ed29c46418093a47d66daee8) Importer(2089858483,0ecaa5967403d082aa24f35e1b516d23)
Start importing Assets/SkySerie Freebie/FreebieHdri/MegaSun4k.hdr using Guid(8967f190ed29c46418093a47d66daee8) Importer(2089858483,0ecaa5967403d082aa24f35e1b516d23) Generated GUIDs only implemented for interfaces!
 -> (artifact id: '4c38690075b6b60d2f4d97bf1a53ff57') in 0.177080 seconds 
Number of updated asset objects reloaded before import = 0
Number of asset objects unloaded after import = 1
========================================================================
Received Import Request.
  Time since last request: 0.000342 seconds.
  path: Assets/_owerUps/PowerUps Vol 1 Free/PowerUps Vol 1 Free/Readme.txt
  artifactKey: Guid(c278080f136a6e940a033cf37d64b36a) Importer(2089858483,0ecaa5967403d082aa24f35e1b516d23)
Start importing Assets/_owerUps/PowerUps Vol 1 Free/PowerUps Vol 1 Free/Readme.txt using Guid(c278080f136a6e940a033cf37d64b36a) Importer(2089858483,0ecaa5967403d082aa24f35e1b516d23) Generated GUIDs only implemented for interfaces!
 -> (artifact id: '86ec7809b5d91c84330fbcb46ff07d07') in 0.044760 seconds 
Number of updated asset objects reloaded before import = 0
Number of asset objects unloaded after import = 1
========================================================================
Received Import Request.
  Time since last request: 0.000455 seconds.
  path: Assets/SkySerie Freebie/FreebieHdri/CosmicCoolCloudBottom.hdr
  artifactKey: Guid(94b877781ad034640abce933599b6f2e) Importer(2089858483,0ecaa5967403d082aa24f35e1b516d23)
Start importing Assets/SkySerie Freebie/FreebieHdri/CosmicCoolCloudBottom.hdr using Guid(94b877781ad034640abce933599b6f2e) Importer(2089858483,0ecaa5967403d082aa24f35e1b516d23) Generated GUIDs only implemented for interfaces!
 -> (artifact id: '9e53b7c31d69c8eff2e334ca5d47b34a') in 0.092223 seconds 
Number of updated asset objects reloaded before import = 0
Number of asset objects unloaded after import = 1
========================================================================
Received Import Request.
  Time since last request: 0.002406 seconds.
  path: Assets/_owerUps/PowerUps Vol 1 Free/PowerUps Vol 1 Free/Scenes/DemoScene.unity
  artifactKey: Guid(f313d3bbd94fb1f4688d985a1b44d124) Importer(2089858483,0ecaa5967403d082aa24f35e1b516d23)
Start importing Assets/_owerUps/PowerUps Vol 1 Free/PowerUps Vol 1 Free/Scenes/DemoScene.unity using Guid(f313d3bbd94fb1f4688d985a1b44d124) Importer(2089858483,0ecaa5967403d082aa24f35e1b516d23) Generated GUIDs only implemented for interfaces!
 -> (artifact id: '99eded2e53e7944794c6f97b5369e30b') in 0.033961 seconds 
Number of updated asset objects reloaded before import = 0
Number of asset objects unloaded after import = 1
========================================================================
Received Import Request.
  Time since last request: 0.000060 seconds.
  path: Assets/_owerUps/PowerUps Vol 1 Free/PowerUps Vol 1 Free/Materials/Crystal Green.mat
  artifactKey: Guid(2e73ea42e5d775342b20ec01baeb8abc) Importer(2089858483,0ecaa5967403d082aa24f35e1b516d23)
Start importing Assets/_owerUps/PowerUps Vol 1 Free/PowerUps Vol 1 Free/Materials/Crystal Green.mat using Guid(2e73ea42e5d775342b20ec01baeb8abc) Importer(2089858483,0ecaa5967403d082aa24f35e1b516d23) Generated GUIDs only implemented for interfaces!
 -> (artifact id: 'bdb4001249645fc5035d3188dd771581') in 0.034708 seconds 
Number of updated asset objects reloaded before import = 0
Number of asset objects unloaded after import = 1
========================================================================
Received Import Request.
  Time since last request: 0.000024 seconds.
  path: Assets/_owerUps/PowerUps Vol 1 Free/PowerUps Vol 1 Free/Materials/Crossed Wrenches Red.mat
  artifactKey: Guid(37e322977533559438c6b9ad2e68f396) Importer(2089858483,0ecaa5967403d082aa24f35e1b516d23)
Start importing Assets/_owerUps/PowerUps Vol 1 Free/PowerUps Vol 1 Free/Materials/Crossed Wrenches Red.mat using Guid(37e322977533559438c6b9ad2e68f396) Importer(2089858483,0ecaa5967403d082aa24f35e1b516d23) Generated GUIDs only implemented for interfaces!
 -> (artifact id: '7603ce46bc7d9659a8d294afe7e520e0') in 0.047240 seconds 
Number of updated asset objects reloaded before import = 0
Number of asset objects unloaded after import = 2
========================================================================
Received Import Request.
  Time since last request: 0.000665 seconds.
  path: Assets/_owerUps/PowerUps Vol 1 Free/PowerUps Vol 1 Free/Materials/Lock Silver.mat
  artifactKey: Guid(193cc398aa2f3ec4693ffcd3ecdc662a) Importer(2089858483,0ecaa5967403d082aa24f35e1b516d23)
Start importing Assets/_owerUps/PowerUps Vol 1 Free/PowerUps Vol 1 Free/Materials/Lock Silver.mat using Guid(193cc398aa2f3ec4693ffcd3ecdc662a) Importer(2089858483,0ecaa5967403d082aa24f35e1b516d23) Generated GUIDs only implemented for interfaces!
 -> (artifact id: '3dc86159880370f9fd239204d29f8bce') in 0.067908 seconds 
Number of updated asset objects reloaded before import = 0
Number of asset objects unloaded after import = 2
========================================================================
Received Import Request.
  Time since last request: 0.000021 seconds.
  path: Assets/_owerUps/PowerUps Vol 1 Free/PowerUps Vol 1 Free/Meshes/Bomb.FBX
  artifactKey: Guid(09b878e07ec61f441af8309734bd073c) Importer(2089858483,0ecaa5967403d082aa24f35e1b516d23)
Start importing Assets/_owerUps/PowerUps Vol 1 Free/PowerUps Vol 1 Free/Meshes/Bomb.FBX using Guid(09b878e07ec61f441af8309734bd073c) Importer(2089858483,0ecaa5967403d082aa24f35e1b516d23) Generated GUIDs only implemented for interfaces!
 -> (artifact id: '87e6dde4f9795e2a8be4cade78e0c3ba') in 0.117328 seconds 
Number of updated asset objects reloaded before import = 0
Number of asset objects unloaded after import = 8
========================================================================
Received Import Request.
  Time since last request: 0.000024 seconds.
  path: Assets/_owerUps/PowerUps Vol 1 Free/PowerUps Vol 1 Free/Prefabs/Lightning Blue.prefab
  artifactKey: Guid(9747013bfc80c7648bebc0e13034f691) Importer(2089858483,0ecaa5967403d082aa24f35e1b516d23)
Start importing Assets/_owerUps/PowerUps Vol 1 Free/PowerUps Vol 1 Free/Prefabs/Lightning Blue.prefab using Guid(9747013bfc80c7648bebc0e13034f691) Importer(2089858483,0ecaa5967403d082aa24f35e1b516d23) Generated GUIDs only implemented for interfaces!
 -> (artifact id: '0514a00f2138706bd51eb09dbc95adf5') in 0.077147 seconds 
Number of updated asset objects reloaded before import = 0
Number of asset objects unloaded after import = 7
========================================================================
Received Import Request.
  Time since last request: 0.000032 seconds.
  path: Assets/SkySerie Freebie/CloudedSunGlow.mat
  artifactKey: Guid(e391f00234292cc4f935308c11cf0e54) Importer(2089858483,0ecaa5967403d082aa24f35e1b516d23)
Start importing Assets/SkySerie Freebie/CloudedSunGlow.mat using Guid(e391f00234292cc4f935308c11cf0e54) Importer(2089858483,0ecaa5967403d082aa24f35e1b516d23) Generated GUIDs only implemented for interfaces!
 -> (artifact id: 'de8e99b9c499afbf608eeb8107418c0e') in 0.123801 seconds 
Number of updated asset objects reloaded before import = 0
Number of asset objects unloaded after import = 2
========================================================================
Received Import Request.
  Time since last request: 0.000045 seconds.
  path: Assets/_owerUps/PowerUps Vol 1 Free/PowerUps Vol 1 Free/Textures/Heart Purple.tga
  artifactKey: Guid(98b1b0a9c6531b043b76231c06560eaf) Importer(2089858483,0ecaa5967403d082aa24f35e1b516d23)
Start importing Assets/_owerUps/PowerUps Vol 1 Free/PowerUps Vol 1 Free/Textures/Heart Purple.tga using Guid(98b1b0a9c6531b043b76231c06560eaf) Importer(2089858483,0ecaa5967403d082aa24f35e1b516d23) Generated GUIDs only implemented for interfaces!
 -> (artifact id: '06165f3c302cdf44c57406ff888bb738') in 0.042372 seconds 
Number of updated asset objects reloaded before import = 0
Number of asset objects unloaded after import = 1
========================================================================
Received Import Request.
  Time since last request: 0.000136 seconds.
  path: Assets/SkySerie Freebie/FreebieHdri/DarkStorm4K.hdr
  artifactKey: Guid(762f22ba43541df4e95e0e7126e8d96c) Importer(2089858483,0ecaa5967403d082aa24f35e1b516d23)
Start importing Assets/SkySerie Freebie/FreebieHdri/DarkStorm4K.hdr using Guid(762f22ba43541df4e95e0e7126e8d96c) Importer(2089858483,0ecaa5967403d082aa24f35e1b516d23) Generated GUIDs only implemented for interfaces!
 -> (artifact id: '1f58d420932df9724e263999bf332c67') in 0.098411 seconds 
Number of updated asset objects reloaded before import = 0
Number of asset objects unloaded after import = 1
========================================================================
Received Import Request.
  Time since last request: 0.000020 seconds.
  path: Assets/Prefabs/World/Cube (2).prefab
  artifactKey: Guid(cf06d843131847e43ad0d80597be91c2) Importer(2089858483,0ecaa5967403d082aa24f35e1b516d23)
Start importing Assets/Prefabs/World/Cube (2).prefab using Guid(cf06d843131847e43ad0d80597be91c2) Importer(2089858483,0ecaa5967403d082aa24f35e1b516d23) Generated GUIDs only implemented for interfaces!
 -> (artifact id: '1d0cdac87e465921620c956d819702a7') in 0.026909 seconds 
Number of updated asset objects reloaded before import = 0
Number of asset objects unloaded after import = 7
========================================================================
Received Import Request.
  Time since last request: 0.000036 seconds.
  path: Assets/_owerUps/PowerUps Vol 1 Free/PowerUps Vol 1 Free/Meshes/Medipack.FBX
  artifactKey: Guid(d7ad4e1596d1e554ca6e22276e5c5dac) Importer(2089858483,0ecaa5967403d082aa24f35e1b516d23)
Start importing Assets/_owerUps/PowerUps Vol 1 Free/PowerUps Vol 1 Free/Meshes/Medipack.FBX using Guid(d7ad4e1596d1e554ca6e22276e5c5dac) Importer(2089858483,0ecaa5967403d082aa24f35e1b516d23) Generated GUIDs only implemented for interfaces!
 -> (artifact id: '8d997d77f327bcb706df878b17852f4c') in 0.051654 seconds 
Number of updated asset objects reloaded before import = 0
Number of asset objects unloaded after import = 9
========================================================================
Received Import Request.
  Time since last request: 0.000044 seconds.
  path: Assets/_owerUps/PowerUps Vol 1 Free/PowerUps Vol 1 Free/Prefabs/Star Red.prefab
  artifactKey: Guid(01ebe4179950414468375da5e69e2d89) Importer(2089858483,0ecaa5967403d082aa24f35e1b516d23)
Start importing Assets/_owerUps/PowerUps Vol 1 Free/PowerUps Vol 1 Free/Prefabs/Star Red.prefab using Guid(01ebe4179950414468375da5e69e2d89) Importer(2089858483,0ecaa5967403d082aa24f35e1b516d23) Generated GUIDs only implemented for interfaces!
 -> (artifact id: '6efe39db9babf11ccb1ef7a9d227cc54') in 0.032895 seconds 
Number of updated asset objects reloaded before import = 0
Number of asset objects unloaded after import = 7
========================================================================
Received Import Request.
  Time since last request: 0.000031 seconds.
  path: Assets/SkySerie Freebie/6SidedFluffball.mat
  artifactKey: Guid(efd1c33efd2d58340b88804268e6833f) Importer(2089858483,0ecaa5967403d082aa24f35e1b516d23)
Start importing Assets/SkySerie Freebie/6SidedFluffball.mat using Guid(efd1c33efd2d58340b88804268e6833f) Importer(2089858483,0ecaa5967403d082aa24f35e1b516d23) Generated GUIDs only implemented for interfaces!
 -> (artifact id: '7fdd91d75420f4a23da1847c6b3af69b') in 0.286542 seconds 
Number of updated asset objects reloaded before import = 0
Number of asset objects unloaded after import = 7
========================================================================
Received Import Request.
  Time since last request: 0.000224 seconds.
  path: Assets/_owerUps/PowerUps Vol 1 Free/PowerUps Vol 1 Free/Textures/Poison Purple.tga
  artifactKey: Guid(2232f931f60fdf945be974547b537be1) Importer(2089858483,0ecaa5967403d082aa24f35e1b516d23)
Start importing Assets/_owerUps/PowerUps Vol 1 Free/PowerUps Vol 1 Free/Textures/Poison Purple.tga using Guid(2232f931f60fdf945be974547b537be1) Importer(2089858483,0ecaa5967403d082aa24f35e1b516d23) Generated GUIDs only implemented for interfaces!
 -> (artifact id: 'ba23957d7263bbeeef3e4b7128cdcfb3') in 0.065944 seconds 
Number of updated asset objects reloaded before import = 0
Number of asset objects unloaded after import = 1
========================================================================
Received Import Request.
  Time since last request: 0.000717 seconds.
  path: Assets/Scenes/Win.unity
  artifactKey: Guid(5346bca33cfcf3c40b41d7556b0ef6d6) Importer(2089858483,0ecaa5967403d082aa24f35e1b516d23)
Start importing Assets/Scenes/Win.unity using Guid(5346bca33cfcf3c40b41d7556b0ef6d6) Importer(2089858483,0ecaa5967403d082aa24f35e1b516d23) Generated GUIDs only implemented for interfaces!
 -> (artifact id: '74a0d9a55ef87b33a65f97a772670237') in 0.043183 seconds 
Number of updated asset objects reloaded before import = 0
Number of asset objects unloaded after import = 1
========================================================================
Received Import Request.
  Time since last request: 0.000161 seconds.
  path: Assets/SkySerie Freebie/ExampleScenes/SundownFreebieDemo.unity
  artifactKey: Guid(fe6b9a1767cfb80428cc8d62702d38e6) Importer(2089858483,0ecaa5967403d082aa24f35e1b516d23)
Start importing Assets/SkySerie Freebie/ExampleScenes/SundownFreebieDemo.unity using Guid(fe6b9a1767cfb80428cc8d62702d38e6) Importer(2089858483,0ecaa5967403d082aa24f35e1b516d23) Generated GUIDs only implemented for interfaces!
 -> (artifact id: 'ea75967b6e4a14dcc5a82f0ca1a3341b') in 0.026019 seconds 
Number of updated asset objects reloaded before import = 0
Number of asset objects unloaded after import = 1
========================================================================
Received Import Request.
  Time since last request: 0.000023 seconds.
  path: Assets/SkySerie Freebie/FreebieHdri/MegaSunBack.hdr
  artifactKey: Guid(4e52cbaf92b83a94cb86bed75ed34652) Importer(2089858483,0ecaa5967403d082aa24f35e1b516d23)
Start importing Assets/SkySerie Freebie/FreebieHdri/MegaSunBack.hdr using Guid(4e52cbaf92b83a94cb86bed75ed34652) Importer(2089858483,0ecaa5967403d082aa24f35e1b516d23) Generated GUIDs only implemented for interfaces!
 -> (artifact id: '25f7e46a6d88892829c065969b271d2d') in 0.072286 seconds 
Number of updated asset objects reloaded before import = 0
Number of asset objects unloaded after import = 1
========================================================================
Received Import Request.
  Time since last request: 0.000030 seconds.
  path: Assets/_owerUps/PowerUps Vol 1 Free/PowerUps Vol 1 Free/Textures/Star Red.tga
  artifactKey: Guid(f7cdbf8f5e55fed478dac7b0ab07b701) Importer(2089858483,0ecaa5967403d082aa24f35e1b516d23)
Start importing Assets/_owerUps/PowerUps Vol 1 Free/PowerUps Vol 1 Free/Textures/Star Red.tga using Guid(f7cdbf8f5e55fed478dac7b0ab07b701) Importer(2089858483,0ecaa5967403d082aa24f35e1b516d23) Generated GUIDs only implemented for interfaces!
 -> (artifact id: 'e654143d1726b223c8fa9aaab826ee2b') in 0.158616 seconds 
Number of updated asset objects reloaded before import = 0
Number of asset objects unloaded after import = 1
========================================================================
Received Import Request.
  Time since last request: 0.000088 seconds.
  path: Assets/_owerUps/PowerUps Vol 1 Free/PowerUps Vol 1 Free/Materials/Skull Red.mat
  artifactKey: Guid(e6605cb6a56d94345a6375bd6d8f52c0) Importer(2089858483,0ecaa5967403d082aa24f35e1b516d23)
Start importing Assets/_owerUps/PowerUps Vol 1 Free/PowerUps Vol 1 Free/Materials/Skull Red.mat using Guid(e6605cb6a56d94345a6375bd6d8f52c0) Importer(2089858483,0ecaa5967403d082aa24f35e1b516d23) Generated GUIDs only implemented for interfaces!
 -> (artifact id: '3d81e6176c81623291eeda1bd9f83439') in 0.028008 seconds 
Number of updated asset objects reloaded before import = 0
Number of asset objects unloaded after import = 1
========================================================================
Received Import Request.
  Time since last request: 0.001208 seconds.
  path: Assets/Menus Assets/StartScreen Game (2).png
  artifactKey: Guid(0ddd8a718b34c0d4fa779bfb4be73b36) Importer(2089858483,0ecaa5967403d082aa24f35e1b516d23)
Start importing Assets/Menus Assets/StartScreen Game (2).png using Guid(0ddd8a718b34c0d4fa779bfb4be73b36) Importer(2089858483,0ecaa5967403d082aa24f35e1b516d23) Generated GUIDs only implemented for interfaces!
 -> (artifact id: '5bfc0dc42b1a23ff5389e0cf3cde33e6') in 0.071909 seconds 
Number of updated asset objects reloaded before import = 0
Number of asset objects unloaded after import = 3
========================================================================
Received Import Request.
  Time since last request: 0.000524 seconds.
  path: Assets/SkySerie Freebie/FreebieHdri/Materials/MegaSunBack.mat
  artifactKey: Guid(090b5449c54bb604f823f0e08e7c373f) Importer(2089858483,0ecaa5967403d082aa24f35e1b516d23)
Start importing Assets/SkySerie Freebie/FreebieHdri/Materials/MegaSunBack.mat using Guid(090b5449c54bb604f823f0e08e7c373f) Importer(2089858483,0ecaa5967403d082aa24f35e1b516d23) Generated GUIDs only implemented for interfaces!
 -> (artifact id: 'd560fe4d263b0e3621dfc2043cf07dc1') in 0.181794 seconds 
Number of updated asset objects reloaded before import = 0
Number of asset objects unloaded after import = 2
========================================================================
Received Import Request.
  Time since last request: 0.003615 seconds.
  path: Assets/_owerUps/PowerUps Vol 1 Free/PowerUps Vol 1 Free/Meshes/Hourglass.FBX
  artifactKey: Guid(90654f6f0dbc57c46a0442896c21e07a) Importer(2089858483,0ecaa5967403d082aa24f35e1b516d23)
Start importing Assets/_owerUps/PowerUps Vol 1 Free/PowerUps Vol 1 Free/Meshes/Hourglass.FBX using Guid(90654f6f0dbc57c46a0442896c21e07a) Importer(2089858483,0ecaa5967403d082aa24f35e1b516d23) Generated GUIDs only implemented for interfaces!
 -> (artifact id: 'c6c4c59b3bb58b0b7eda8e0a4a9bd098') in 0.119470 seconds 
Number of updated asset objects reloaded before import = 0
Number of asset objects unloaded after import = 9
========================================================================
Received Import Request.
  Time since last request: 0.001028 seconds.
  path: Assets/SkySerie Freebie/ExampleScenes/SceneObjects/6_10.mat
  artifactKey: Guid(abcc3c67b7d0a794f8bb91be4e85abdd) Importer(2089858483,0ecaa5967403d082aa24f35e1b516d23)
Start importing Assets/SkySerie Freebie/ExampleScenes/SceneObjects/6_10.mat using Guid(abcc3c67b7d0a794f8bb91be4e85abdd) Importer(2089858483,0ecaa5967403d082aa24f35e1b516d23) Generated GUIDs only implemented for interfaces!
 -> (artifact id: '0a225ffcec4422f4637ba5beade84b39') in 0.042776 seconds 
Number of updated asset objects reloaded before import = 0
Number of asset objects unloaded after import = 1
========================================================================
Received Import Request.
  Time since last request: 0.000069 seconds.
  path: Assets/_owerUps/PowerUps Vol 1 Free/PowerUps Vol 1 Free/Prefabs/Battery Black.prefab
  artifactKey: Guid(7303bd93f2f93454db6ffc3826ff8f4f) Importer(2089858483,0ecaa5967403d082aa24f35e1b516d23)
Start importing Assets/_owerUps/PowerUps Vol 1 Free/PowerUps Vol 1 Free/Prefabs/Battery Black.prefab using Guid(7303bd93f2f93454db6ffc3826ff8f4f) Importer(2089858483,0ecaa5967403d082aa24f35e1b516d23) Generated GUIDs only implemented for interfaces!
 -> (artifact id: '4ca2af5481fbb052eaf0fe99a56a0886') in 0.061360 seconds 
Number of updated asset objects reloaded before import = 0
Number of asset objects unloaded after import = 7
========================================================================
Received Import Request.
  Time since last request: 0.001744 seconds.
  path: Assets/_owerUps/PowerUps Vol 1 Free/PowerUps Vol 1 Free/Meshes/Poison.FBX
  artifactKey: Guid(82da63b050bfebd4f80a66f7ded30706) Importer(2089858483,0ecaa5967403d082aa24f35e1b516d23)
Start importing Assets/_owerUps/PowerUps Vol 1 Free/PowerUps Vol 1 Free/Meshes/Poison.FBX using Guid(82da63b050bfebd4f80a66f7ded30706) Importer(2089858483,0ecaa5967403d082aa24f35e1b516d23) Generated GUIDs only implemented for interfaces!
 -> (artifact id: 'e59df54bdaa460e77690f0e626e16082') in 0.121951 seconds 
Number of updated asset objects reloaded before import = 0
Number of asset objects unloaded after import = 9
========================================================================
Received Import Request.
  Time since last request: 0.000688 seconds.
  path: Assets/_owerUps/PowerUps Vol 1 Free/PowerUps Vol 1 Free/Prefabs/Heart Purple.prefab
  artifactKey: Guid(8a2b9fe17763d2946ad000498978f6c7) Importer(2089858483,0ecaa5967403d082aa24f35e1b516d23)
Start importing Assets/_owerUps/PowerUps Vol 1 Free/PowerUps Vol 1 Free/Prefabs/Heart Purple.prefab using Guid(8a2b9fe17763d2946ad000498978f6c7) Importer(2089858483,0ecaa5967403d082aa24f35e1b516d23) Generated GUIDs only implemented for interfaces!
 -> (artifact id: '554025b02629ef0e2fe0b66ad52913ed') in 0.107607 seconds 
Number of updated asset objects reloaded before import = 0
Number of asset objects unloaded after import = 7
========================================================================
Received Import Request.
  Time since last request: 0.000750 seconds.
  path: Assets/_owerUps/PowerUps Vol 1 Free/PowerUps Vol 1 Free/Prefabs/Flags Green.prefab
  artifactKey: Guid(f5c80a17327b7a04086098b425979c30) Importer(2089858483,0ecaa5967403d082aa24f35e1b516d23)
Start importing Assets/_owerUps/PowerUps Vol 1 Free/PowerUps Vol 1 Free/Prefabs/Flags Green.prefab using Guid(f5c80a17327b7a04086098b425979c30) Importer(2089858483,0ecaa5967403d082aa24f35e1b516d23) Generated GUIDs only implemented for interfaces!
 -> (artifact id: 'ea85b47aa1a71a3952fb12d53853da56') in 0.050719 seconds 
Number of updated asset objects reloaded before import = 0
Number of asset objects unloaded after import = 7
========================================================================
Received Import Request.
  Time since last request: 0.001436 seconds.
  path: Assets/_owerUps/PowerUps Vol 1 Free/PowerUps Vol 1 Free/Textures/Jerry Can Green.tga
  artifactKey: Guid(f338ea1050a12054c8cc14c48d5227f4) Importer(2089858483,0ecaa5967403d082aa24f35e1b516d23)
Start importing Assets/_owerUps/PowerUps Vol 1 Free/PowerUps Vol 1 Free/Textures/Jerry Can Green.tga using Guid(f338ea1050a12054c8cc14c48d5227f4) Importer(2089858483,0ecaa5967403d082aa24f35e1b516d23) Generated GUIDs only implemented for interfaces!
 -> (artifact id: '1649900224c7138766b320408a26e07f') in 0.222650 seconds 
Number of updated asset objects reloaded before import = 0
Number of asset objects unloaded after import = 1
========================================================================
Received Import Request.
  Time since last request: 0.000024 seconds.
  path: Assets/Scripts/SpawnPoint.cs
  artifactKey: Guid(70509c1659bdd79428314d49ac4a0db2) Importer(2089858483,0ecaa5967403d082aa24f35e1b516d23)
Start importing Assets/Scripts/SpawnPoint.cs using Guid(70509c1659bdd79428314d49ac4a0db2) Importer(2089858483,0ecaa5967403d082aa24f35e1b516d23) Generated GUIDs only implemented for interfaces!
 -> (artifact id: '4f788c0484da24c6464cbccceaace266') in 0.085828 seconds 
Number of updated asset objects reloaded before import = 0
Number of asset objects unloaded after import = 1
========================================================================
Received Import Request.
  Time since last request: 0.000368 seconds.
  path: Assets/Scripts/EnemyDummy.cs
  artifactKey: Guid(17fc374e3ddc0ea42ae4d9caf7bedd3d) Importer(2089858483,0ecaa5967403d082aa24f35e1b516d23)
Start importing Assets/Scripts/EnemyDummy.cs using Guid(17fc374e3ddc0ea42ae4d9caf7bedd3d) Importer(2089858483,0ecaa5967403d082aa24f35e1b516d23) Generated GUIDs only implemented for interfaces!
 -> (artifact id: '9d7e786ff0e5b90937adcccf39640197') in 0.072776 seconds 
Number of updated asset objects reloaded before import = 0
Number of asset objects unloaded after import = 1
========================================================================
Received Import Request.
  Time since last request: 0.000022 seconds.
  path: Assets/SkySerie Freebie/ExampleScenes/CloudyMorningSettings.lighting
  artifactKey: Guid(890f21e90f3749e46ab25be0000cdfe5) Importer(2089858483,0ecaa5967403d082aa24f35e1b516d23)
Start importing Assets/SkySerie Freebie/ExampleScenes/CloudyMorningSettings.lighting using Guid(890f21e90f3749e46ab25be0000cdfe5) Importer(2089858483,0ecaa5967403d082aa24f35e1b516d23) Generated GUIDs only implemented for interfaces!
 -> (artifact id: '9f398f9aa47c9b916309ec12d95d245e') in 0.119170 seconds 
Number of updated asset objects reloaded before import = 0
Number of asset objects unloaded after import = 1
========================================================================
Received Import Request.
  Time since last request: 0.003029 seconds.
  path: Assets/Scripts/ButtonBehaviour.cs
  artifactKey: Guid(d5edaf7c1435578438abb2e1e585d556) Importer(2089858483,0ecaa5967403d082aa24f35e1b516d23)
Start importing Assets/Scripts/ButtonBehaviour.cs using Guid(d5edaf7c1435578438abb2e1e585d556) Importer(2089858483,0ecaa5967403d082aa24f35e1b516d23) Generated GUIDs only implemented for interfaces!
 -> (artifact id: 'cbf45428c5770771fb0f55b8f710b5fb') in 0.102663 seconds 
Number of updated asset objects reloaded before import = 0
Number of asset objects unloaded after import = 1
========================================================================
Received Import Request.
  Time since last request: 0.000487 seconds.
  path: Assets/SkySerie Freebie/FreebieHdri/CosmicCoolCloudFront.hdr
  artifactKey: Guid(d822c5eff7d42f04691027bc8c2b0716) Importer(2089858483,0ecaa5967403d082aa24f35e1b516d23)
Start importing Assets/SkySerie Freebie/FreebieHdri/CosmicCoolCloudFront.hdr using Guid(d822c5eff7d42f04691027bc8c2b0716) Importer(2089858483,0ecaa5967403d082aa24f35e1b516d23) Generated GUIDs only implemented for interfaces!
 -> (artifact id: '037fb92752154b5cf3711a7be5b5e671') in 0.219364 seconds 
Number of updated asset objects reloaded before import = 0
Number of asset objects unloaded after import = 1
========================================================================
Received Import Request.
  Time since last request: 0.002236 seconds.
  path: Assets/Scripts/CameraFollow.cs
  artifactKey: Guid(dd341d8928c936b429a417a9f44942cb) Importer(2089858483,0ecaa5967403d082aa24f35e1b516d23)
Start importing Assets/Scripts/CameraFollow.cs using Guid(dd341d8928c936b429a417a9f44942cb) Importer(2089858483,0ecaa5967403d082aa24f35e1b516d23) Generated GUIDs only implemented for interfaces!
 -> (artifact id: 'b679480cd8be8876d93be270a0d98b2b') in 0.057347 seconds 
Number of updated asset objects reloaded before import = 0
Number of asset objects unloaded after import = 1
========================================================================
Received Import Request.
  Time since last request: 0.000086 seconds.
  path: Assets/_owerUps/PowerUps Vol 1 Free/PowerUps Vol 1 Free/Meshes/Crystal.FBX
  artifactKey: Guid(4a5ff298748e84e4db47b865d44dbb2d) Importer(2089858483,0ecaa5967403d082aa24f35e1b516d23)
Start importing Assets/_owerUps/PowerUps Vol 1 Free/PowerUps Vol 1 Free/Meshes/Crystal.FBX using Guid(4a5ff298748e84e4db47b865d44dbb2d) Importer(2089858483,0ecaa5967403d082aa24f35e1b516d23) Generated GUIDs only implemented for interfaces!
 -> (artifact id: '9bc68ec3c0c3404446f72ecd383e0890') in 0.167406 seconds 
Number of updated asset objects reloaded before import = 0
Number of asset objects unloaded after import = 9
========================================================================
Received Import Request.
  Time since last request: 0.000234 seconds.
  path: Assets/_owerUps/PowerUps Vol 1 Free/PowerUps Vol 1 Free/Meshes/Shield.FBX
  artifactKey: Guid(4344a84e7e8ea29419e81930e6e13380) Importer(2089858483,0ecaa5967403d082aa24f35e1b516d23)
Start importing Assets/_owerUps/PowerUps Vol 1 Free/PowerUps Vol 1 Free/Meshes/Shield.FBX using Guid(4344a84e7e8ea29419e81930e6e13380) Importer(2089858483,0ecaa5967403d082aa24f35e1b516d23) Generated GUIDs only implemented for interfaces!
 -> (artifact id: 'aa34800dad3526fee57448b68f8754cb') in 0.220037 seconds 
Number of updated asset objects reloaded before import = 0
Number of asset objects unloaded after import = 9
========================================================================
Received Import Request.
  Time since last request: 0.000152 seconds.
  path: Assets/SkySerie Freebie/ExampleScenes/Daylightfreebiedemo.unity
  artifactKey: Guid(aa96a8c1d168fcb4ea92cd8558fe7a46) Importer(2089858483,0ecaa5967403d082aa24f35e1b516d23)
Start importing Assets/SkySerie Freebie/ExampleScenes/Daylightfreebiedemo.unity using Guid(aa96a8c1d168fcb4ea92cd8558fe7a46) Importer(2089858483,0ecaa5967403d082aa24f35e1b516d23) Generated GUIDs only implemented for interfaces!
 -> (artifact id: '903f14ff8ec8ae27fb463eb4d605267d') in 0.100142 seconds 
Number of updated asset objects reloaded before import = 0
Number of asset objects unloaded after import = 1
========================================================================
Received Import Request.
  Time since last request: 0.000591 seconds.
  path: Assets/SkySerie Freebie/CoriolisNight4k.mat
  artifactKey: Guid(d4454f71d85928744be7771e2143dab7) Importer(2089858483,0ecaa5967403d082aa24f35e1b516d23)
Start importing Assets/SkySerie Freebie/CoriolisNight4k.mat using Guid(d4454f71d85928744be7771e2143dab7) Importer(2089858483,0ecaa5967403d082aa24f35e1b516d23) Generated GUIDs only implemented for interfaces!
 -> (artifact id: 'a0fc8570ff67c7739261d8fe0de6ed67') in 0.143690 seconds 
Number of updated asset objects reloaded before import = 0
Number of asset objects unloaded after import = 2
========================================================================
Received Import Request.
  Time since last request: 0.000026 seconds.
  path: Assets/Scripts/DashParticles.cs
  artifactKey: Guid(f6ed84afec45b9a40a5a426bb939cfe1) Importer(2089858483,0ecaa5967403d082aa24f35e1b516d23)
Start importing Assets/Scripts/DashParticles.cs using Guid(f6ed84afec45b9a40a5a426bb939cfe1) Importer(2089858483,0ecaa5967403d082aa24f35e1b516d23) Generated GUIDs only implemented for interfaces!
 -> (artifact id: 'f1f66e964b598a98374e69e5c2efe967') in 0.054686 seconds 
Number of updated asset objects reloaded before import = 0
Number of asset objects unloaded after import = 1
========================================================================
Received Import Request.
  Time since last request: 0.000250 seconds.
  path: Assets/Scripts/Collectibles.cs
  artifactKey: Guid(05c7c05fb74f5ad488d08840b76759e7) Importer(2089858483,0ecaa5967403d082aa24f35e1b516d23)
Start importing Assets/Scripts/Collectibles.cs using Guid(05c7c05fb74f5ad488d08840b76759e7) Importer(2089858483,0ecaa5967403d082aa24f35e1b516d23) Generated GUIDs only implemented for interfaces!
 -> (artifact id: '3c01c718af991459584b746c33bcfa63') in 0.040957 seconds 
Number of updated asset objects reloaded before import = 0
Number of asset objects unloaded after import = 1
========================================================================
Received Import Request.
  Time since last request: 0.001182 seconds.
  path: Assets/SkySerie Freebie/FreebieHdri/CosmicCoolCloudTop.hdr
  artifactKey: Guid(a199da0432efa6a489df8883d1f3bfe0) Importer(2089858483,0ecaa5967403d082aa24f35e1b516d23)
Start importing Assets/SkySerie Freebie/FreebieHdri/CosmicCoolCloudTop.hdr using Guid(a199da0432efa6a489df8883d1f3bfe0) Importer(2089858483,0ecaa5967403d082aa24f35e1b516d23) Generated GUIDs only implemented for interfaces!
 -> (artifact id: '8cfbaae84a06630ad9ba0cd35b62b365') in 0.077328 seconds 
Number of updated asset objects reloaded before import = 0
Number of asset objects unloaded after import = 1
========================================================================
Received Import Request.
  Time since last request: 0.000041 seconds.
  path: Assets/SkySerie Freebie/FreebieHdri/CloudedSunGlow4k.hdr
  artifactKey: Guid(12c15a8e5a294be45819b1dd4b9b08d3) Importer(2089858483,0ecaa5967403d082aa24f35e1b516d23)
Start importing Assets/SkySerie Freebie/FreebieHdri/CloudedSunGlow4k.hdr using Guid(12c15a8e5a294be45819b1dd4b9b08d3) Importer(2089858483,0ecaa5967403d082aa24f35e1b516d23) Generated GUIDs only implemented for interfaces!
 -> (artifact id: '097e3e62c811c4aba6805e69be5a920b') in 0.084145 seconds 
Number of updated asset objects reloaded before import = 0
Number of asset objects unloaded after import = 1
========================================================================
Received Import Request.
  Time since last request: 0.000741 seconds.
  path: Assets/SkySerie Freebie/ExampleScenes/SkyhighFreebieDemo.unity
  artifactKey: Guid(475ff5ddb2faf0f41b3cc2073532de8f) Importer(2089858483,0ecaa5967403d082aa24f35e1b516d23)
Start importing Assets/SkySerie Freebie/ExampleScenes/SkyhighFreebieDemo.unity using Guid(475ff5ddb2faf0f41b3cc2073532de8f) Importer(2089858483,0ecaa5967403d082aa24f35e1b516d23) Generated GUIDs only implemented for interfaces!
 -> (artifact id: '53cd4ca75d12d0f5b70e8c80aff774cb') in 0.018611 seconds 
Number of updated asset objects reloaded before import = 0
Number of asset objects unloaded after import = 1
========================================================================
Received Import Request.
  Time since last request: 0.000025 seconds.
  path: Assets/SkySerie Freebie/FreebieHdri/FluffballDay4k.hdr
  artifactKey: Guid(3e80b688af9b1d84ea52c5d36bb1cbbd) Importer(2089858483,0ecaa5967403d082aa24f35e1b516d23)
Start importing Assets/SkySerie Freebie/FreebieHdri/FluffballDay4k.hdr using Guid(3e80b688af9b1d84ea52c5d36bb1cbbd) Importer(2089858483,0ecaa5967403d082aa24f35e1b516d23) Generated GUIDs only implemented for interfaces!
 -> (artifact id: '10cca7c9e68f412bbe559f6d2cf5f00b') in 0.109342 seconds 
Number of updated asset objects reloaded before import = 0
Number of asset objects unloaded after import = 1
========================================================================
Received Import Request.
  Time since last request: 0.000275 seconds.
  path: Assets/_owerUps/PowerUps Vol 1 Free/PowerUps Vol 1 Free/Materials/Battery Black.mat
  artifactKey: Guid(3b491816529c2aa42957bc28afd15217) Importer(2089858483,0ecaa5967403d082aa24f35e1b516d23)
Start importing Assets/_owerUps/PowerUps Vol 1 Free/PowerUps Vol 1 Free/Materials/Battery Black.mat using Guid(3b491816529c2aa42957bc28afd15217) Importer(2089858483,0ecaa5967403d082aa24f35e1b516d23) Generated GUIDs only implemented for interfaces!
 -> (artifact id: '59e8e18b78f3edf4dd52a19fa8f52bcd') in 0.033825 seconds 
Number of updated asset objects reloaded before import = 0
Number of asset objects unloaded after import = 2
========================================================================
Received Import Request.
  Time since last request: 0.000225 seconds.
  path: Assets/Prefabs/World/PlatformMover.prefab
  artifactKey: Guid(4541899055298504aa219d45b09f3fbc) Importer(2089858483,0ecaa5967403d082aa24f35e1b516d23)
Start importing Assets/Prefabs/World/PlatformMover.prefab using Guid(4541899055298504aa219d45b09f3fbc) Importer(2089858483,0ecaa5967403d082aa24f35e1b516d23) Generated GUIDs only implemented for interfaces!
 -> (artifact id: 'c187f926f93ae318383b302ef87af5f1') in 0.048062 seconds 
Number of updated asset objects reloaded before import = 0
Number of asset objects unloaded after import = 14
========================================================================
Received Import Request.
  Time since last request: 0.002785 seconds.
  path: Assets/SkySerie Freebie/FreebieHdri/FluffballDayBottom.hdr
  artifactKey: Guid(42e0664ae4c5c424ebcd980a10687e18) Importer(2089858483,0ecaa5967403d082aa24f35e1b516d23)
Start importing Assets/SkySerie Freebie/FreebieHdri/FluffballDayBottom.hdr using Guid(42e0664ae4c5c424ebcd980a10687e18) Importer(2089858483,0ecaa5967403d082aa24f35e1b516d23) Generated GUIDs only implemented for interfaces!
 -> (artifact id: '5c221dde1f14f6221d128fcb3174afb3') in 0.046078 seconds 
Number of updated asset objects reloaded before import = 0
Number of asset objects unloaded after import = 1
========================================================================
Received Import Request.
  Time since last request: 0.000078 seconds.
  path: Assets/Prefabs/Enemys/AdvancedEnemy.prefab
  artifactKey: Guid(5348a89cb5c0b264d81fa018f934349b) Importer(2089858483,0ecaa5967403d082aa24f35e1b516d23)
Start importing Assets/Prefabs/Enemys/AdvancedEnemy.prefab using Guid(5348a89cb5c0b264d81fa018f934349b) Importer(2089858483,0ecaa5967403d082aa24f35e1b516d23) Generated GUIDs only implemented for interfaces!
 -> (artifact id: '8fce2b5b519ea3ea901cdb41c38dc933') in 0.035655 seconds 
Number of updated asset objects reloaded before import = 0
Number of asset objects unloaded after import = 11
========================================================================
Received Import Request.
  Time since last request: 0.000025 seconds.
  path: Assets/_owerUps/PowerUps Vol 1 Free/PowerUps Vol 1 Free/Textures/Crystal Green.tga
  artifactKey: Guid(f589867e8f97e4f4bba15e763afdae2a) Importer(2089858483,0ecaa5967403d082aa24f35e1b516d23)
Start importing Assets/_owerUps/PowerUps Vol 1 Free/PowerUps Vol 1 Free/Textures/Crystal Green.tga using Guid(f589867e8f97e4f4bba15e763afdae2a) Importer(2089858483,0ecaa5967403d082aa24f35e1b516d23) Generated GUIDs only implemented for interfaces!
 -> (artifact id: 'd0e54286e3c2ddcf115835b6d3e820f9') in 0.033301 seconds 
Number of updated asset objects reloaded before import = 0
Number of asset objects unloaded after import = 1
========================================================================
Received Import Request.
  Time since last request: 0.000096 seconds.
  path: Assets/_omb Asset/BombAsset/Bomb Red.mat
  artifactKey: Guid(9c351cb567cea6547b31ad20492cea8c) Importer(2089858483,0ecaa5967403d082aa24f35e1b516d23)
Start importing Assets/_omb Asset/BombAsset/Bomb Red.mat using Guid(9c351cb567cea6547b31ad20492cea8c) Importer(2089858483,0ecaa5967403d082aa24f35e1b516d23) Generated GUIDs only implemented for interfaces!
 -> (artifact id: 'd0a4a1cf915bf8d77e53e07b7a161d97') in 0.027218 seconds 
Number of updated asset objects reloaded before import = 0
Number of asset objects unloaded after import = 2
========================================================================
Received Import Request.
  Time since last request: 0.000033 seconds.
  path: Assets/_owerUps/PowerUps Vol 1 Free/PowerUps Vol 1 Free/Materials/Arrows Green.mat
  artifactKey: Guid(641865a4a7b0114499118421fb7942d6) Importer(2089858483,0ecaa5967403d082aa24f35e1b516d23)
Start importing Assets/_owerUps/PowerUps Vol 1 Free/PowerUps Vol 1 Free/Materials/Arrows Green.mat using Guid(641865a4a7b0114499118421fb7942d6) Importer(2089858483,0ecaa5967403d082aa24f35e1b516d23) Generated GUIDs only implemented for interfaces!
 -> (artifact id: '26627050a532026c105b4ab2b45feed5') in 0.022471 seconds 
Number of updated asset objects reloaded before import = 0
Number of asset objects unloaded after import = 2
========================================================================
Received Import Request.
  Time since last request: 0.000021 seconds.
  path: Assets/_owerUps/PowerUps Vol 1 Free/PowerUps Vol 1 Free/Textures/Crossed Wrenches Red.tga
  artifactKey: Guid(90ca984a43909494aa03420704b4e57a) Importer(2089858483,0ecaa5967403d082aa24f35e1b516d23)
Start importing Assets/_owerUps/PowerUps Vol 1 Free/PowerUps Vol 1 Free/Textures/Crossed Wrenches Red.tga using Guid(90ca984a43909494aa03420704b4e57a) Importer(2089858483,0ecaa5967403d082aa24f35e1b516d23) Generated GUIDs only implemented for interfaces!
 -> (artifact id: 'd281eb82fd6a7e54a6021909208c8f4a') in 0.033369 seconds 
Number of updated asset objects reloaded before import = 0
Number of asset objects unloaded after import = 1
========================================================================
Received Import Request.
  Time since last request: 0.000150 seconds.
  path: Assets/SkySerie Freebie/FreebieHdri/CosmicCoolCloudBack.hdr
  artifactKey: Guid(a779becf00399924184cd13e046a100e) Importer(2089858483,0ecaa5967403d082aa24f35e1b516d23)
Start importing Assets/SkySerie Freebie/FreebieHdri/CosmicCoolCloudBack.hdr using Guid(a779becf00399924184cd13e046a100e) Importer(2089858483,0ecaa5967403d082aa24f35e1b516d23) Generated GUIDs only implemented for interfaces!
 -> (artifact id: 'abee665758007d78d816180b5b8a43f6') in 0.042432 seconds 
Number of updated asset objects reloaded before import = 0
Number of asset objects unloaded after import = 1
========================================================================
Received Import Request.
  Time since last request: 0.000066 seconds.
  path: Assets/SkySerie Freebie/FreebieHdri/MegaSunLeft.hdr
  artifactKey: Guid(7f0373fb8ec72a142898c7984aada4b9) Importer(2089858483,0ecaa5967403d082aa24f35e1b516d23)
Start importing Assets/SkySerie Freebie/FreebieHdri/MegaSunLeft.hdr using Guid(7f0373fb8ec72a142898c7984aada4b9) Importer(2089858483,0ecaa5967403d082aa24f35e1b516d23) Generated GUIDs only implemented for interfaces!
 -> (artifact id: '26a9cbeea8f3778b477b201f7612ce94') in 0.052237 seconds 
Number of updated asset objects reloaded before import = 0
Number of asset objects unloaded after import = 1
========================================================================
Received Import Request.
  Time since last request: 0.000042 seconds.
  path: Assets/_owerUps/PowerUps Vol 1 Free/PowerUps Vol 1 Free/Textures/Flag Green.tga
  artifactKey: Guid(c8dfe6a14559ed0429e5660ef056829c) Importer(2089858483,0ecaa5967403d082aa24f35e1b516d23)
Start importing Assets/_owerUps/PowerUps Vol 1 Free/PowerUps Vol 1 Free/Textures/Flag Green.tga using Guid(c8dfe6a14559ed0429e5660ef056829c) Importer(2089858483,0ecaa5967403d082aa24f35e1b516d23) Generated GUIDs only implemented for interfaces!
 -> (artifact id: '346bbf31c0aa7c8ae4d4824cf49c953d') in 0.041093 seconds 
Number of updated asset objects reloaded before import = 0
Number of asset objects unloaded after import = 1
========================================================================
Received Import Request.
  Time since last request: 0.000048 seconds.
  path: Assets/SkySerie Freebie/FreebieHdri/Materials/CosmicCoolCloudFront.mat
  artifactKey: Guid(db9b05eb38f86834b8be7cb093ead51c) Importer(2089858483,0ecaa5967403d082aa24f35e1b516d23)
Start importing Assets/SkySerie Freebie/FreebieHdri/Materials/CosmicCoolCloudFront.mat using Guid(db9b05eb38f86834b8be7cb093ead51c) Importer(2089858483,0ecaa5967403d082aa24f35e1b516d23) Generated GUIDs only implemented for interfaces!
 -> (artifact id: '1119ee078db9b5e128b660b7dc324eee') in 0.029333 seconds 
Number of updated asset objects reloaded before import = 0
Number of asset objects unloaded after import = 2
========================================================================
Received Import Request.
  Time since last request: 0.000501 seconds.
  path: Assets/Materials/Wall.mat
  artifactKey: Guid(0f4690a169f002343af6655aa48f8462) Importer(2089858483,0ecaa5967403d082aa24f35e1b516d23)
Start importing Assets/Materials/Wall.mat using Guid(0f4690a169f002343af6655aa48f8462) Importer(2089858483,0ecaa5967403d082aa24f35e1b516d23) Generated GUIDs only implemented for interfaces!
 -> (artifact id: '0e3af6c76137be163d656da622f7f0de') in 0.021018 seconds 
Number of updated asset objects reloaded before import = 0
Number of asset objects unloaded after import = 1
========================================================================
Received Prepare
Refreshing native plugins compatible for Editor in 4.11 ms, found 2 plugins.
Preloading 0 native plugins for Editor in 0.00 ms.
Unloading 12 Unused Serialized files (Serialized files now loaded: 0)
Unloading 13 unused Assets / (1.0 MB). Loaded Objects now: 2488.
Memory consumption went from 198.2 MB to 197.2 MB.
Total: 5.035300 ms (FindLiveObjects: 0.231200 ms CreateObjectMapping: 0.154600 ms MarkObjects: 4.442900 ms  DeleteObjects: 0.205100 ms)

Prepare: number of updated asset objects reloaded= 0
AssetImportParameters requested are different than current active one (requested -> active):
  custom:container-demuxer-ogg: 62fdf1f143b41e24485cea50d1cbac27 -> 
  custom:framework-win-MediaFoundation: 216162199b28c13a410421893ffa2e32 -> 
  custom:video-decoder-webm-vp8: 9c59270c3fd7afecdb556c50c9e8de78 -> 
  custom:SearchIndexIgnoredProperties: e643bd26f0fe6173181afceb89e7c659 -> 
  custom:audio-encoder-webm-vorbis: bf7c407c2cedff20999df2af8eb42d56 -> 
  custom:video-decoder-ogg-theora: a1e56fd34408186e4bbccfd4996cb3dc -> 
  custom:container-muxer-webm: aa71ff27fc2769a1b78a27578f13a17b -> 
  custom:AudioImporter_EditorPlatform: d09bf68614088b80899f8185d706f6e7 -> 
  custom:audio-decoder-ogg-vorbis: bf7c407c2cedff20999df2af8eb42d56 -> 
  custom:video-codec-MediaFoundation-h265: 746d11721c4dcdbdad8f713fa42b33f4 -> 
  custom:container-demuxer-webm: 4f35f7cbe854078d1ac9338744f61a02 -> 
  custom:video-encoder-webm-vp8: eb34c28f22e8b96e1ab97ce403110664 -> 
